/opt/anaconda3/envs/pamnet_upd/lib/python3.10/site-packages/torch_geometric/deprecation.py:26: UserWarning: 'data.DataLoader' is deprecated, use 'loader.DataLoader' instead
  warnings.warn(out)
Data loaded!
Number of model parameters:  3593260
Start training!
/opt/anaconda3/envs/pamnet_upd/lib/python3.10/site-packages/torch/optim/lr_scheduler.py:156: UserWarning: The epoch parameter in `scheduler.step()` was not necessary and is being deprecated where possible. Please use `scheduler.step()` to step the scheduler. During the deprecation, if epoch is different from None, the closed form is used instead of the new chainable form, where available. Please open an issue if you are unable to replicate your use case: https://github.com/pytorch/pytorch/issues/new/choose.
  warnings.warn(EPOCH_DEPRECATION_WARNING, UserWarning)
Epoch: 001, Train MAE: 0.8305403, Val MAE: 0.8019362, Test MAE: 0.7954519
/opt/anaconda3/envs/pamnet_upd/lib/python3.10/site-packages/torch/optim/lr_scheduler.py:623: UserWarning: To get the last learning rate computed by the scheduler, please use `get_last_lr()`.
  warnings.warn("To get the last learning rate computed by the scheduler, "
Epoch: 002, Train MAE: 0.3588357, Val MAE: 0.2529656, Test MAE: 0.2550554
Epoch: 003, Train MAE: 0.2203276, Val MAE: 0.1530005, Test MAE: 0.1543718
Epoch: 004, Train MAE: 0.1784652, Val MAE: 0.1235454, Test MAE: 0.1244605
Epoch: 005, Train MAE: 0.1544021, Val MAE: 0.1068238, Test MAE: 0.1076078
Epoch: 006, Train MAE: 0.1400551, Val MAE: 0.0952827, Test MAE: 0.0962025
Epoch: 007, Train MAE: 0.1279718, Val MAE: 0.0872320, Test MAE: 0.0880126
Epoch: 008, Train MAE: 0.1194388, Val MAE: 0.0814670, Test MAE: 0.0812780
Epoch: 009, Train MAE: 0.1122955, Val MAE: 0.0768338, Test MAE: 0.0776990
Epoch: 010, Train MAE: 0.1051562, Val MAE: 0.0725375, Test MAE: 0.0735167
Epoch: 011, Train MAE: 0.1014280, Val MAE: 0.0703720, Test MAE: 0.0701962
Epoch: 012, Train MAE: 0.0965718, Val MAE: 0.0670961, Test MAE: 0.0672958
Epoch: 013, Train MAE: 0.0912919, Val MAE: 0.0649546, Test MAE: 0.0648113
Epoch: 014, Train MAE: 0.0888934, Val MAE: 0.0623152, Test MAE: 0.0628210
Epoch: 015, Train MAE: 0.0864654, Val MAE: 0.0611765, Test MAE: 0.0607754
Epoch: 016, Train MAE: 0.0831166, Val MAE: 0.0595345, Test MAE: 0.0596461
Epoch: 017, Train MAE: 0.0808272, Val MAE: 0.0584192, Test MAE: 0.0585289
Epoch: 018, Train MAE: 0.0775533, Val MAE: 0.0568447, Test MAE: 0.0569477
Epoch: 019, Train MAE: 0.0755389, Val MAE: 0.0560708, Test MAE: 0.0558204
Epoch: 020, Train MAE: 0.0735860, Val MAE: 0.0549974, Test MAE: 0.0552587
Epoch: 021, Train MAE: 0.0722065, Val MAE: 0.0538400, Test MAE: 0.0539249
Epoch: 022, Train MAE: 0.0704688, Val MAE: 0.0531946, Test MAE: 0.0534782
Epoch: 023, Train MAE: 0.0684021, Val MAE: 0.0523280, Test MAE: 0.0523090
Epoch: 024, Train MAE: 0.0665815, Val MAE: 0.0515735, Test MAE: 0.0512718
Epoch: 025, Train MAE: 0.0652138, Val MAE: 0.0507457, Test MAE: 0.0507416
Epoch: 026, Train MAE: 0.0643045, Val MAE: 0.0504075, Test MAE: 0.0499037
Epoch: 027, Train MAE: 0.0628112, Val MAE: 0.0497058, Test MAE: 0.0493779
Epoch: 028, Train MAE: 0.0609702, Val MAE: 0.0493786, Test MAE: 0.0489208
Epoch: 029, Train MAE: 0.0607859, Val MAE: 0.0494683, Test MAE: 0.0489208
Epoch: 030, Train MAE: 0.0588184, Val MAE: 0.0482194, Test MAE: 0.0479051
Epoch: 031, Train MAE: 0.0577630, Val MAE: 0.0483198, Test MAE: 0.0479051
Epoch: 032, Train MAE: 0.0572995, Val MAE: 0.0474424, Test MAE: 0.0473221
Epoch: 033, Train MAE: 0.0559521, Val MAE: 0.0475250, Test MAE: 0.0473221
Epoch: 034, Train MAE: 0.0549876, Val MAE: 0.0468324, Test MAE: 0.0467126
Epoch: 035, Train MAE: 0.0540112, Val MAE: 0.0463908, Test MAE: 0.0464859
Epoch: 036, Train MAE: 0.0527797, Val MAE: 0.0461384, Test MAE: 0.0460615
Epoch: 037, Train MAE: 0.0524557, Val MAE: 0.0460750, Test MAE: 0.0458940
Epoch: 038, Train MAE: 0.0516314, Val MAE: 0.0460138, Test MAE: 0.0453706
Epoch: 039, Train MAE: 0.0506373, Val MAE: 0.0453543, Test MAE: 0.0452629
Epoch: 040, Train MAE: 0.0498958, Val MAE: 0.0455656, Test MAE: 0.0452629
Epoch: 041, Train MAE: 0.0493141, Val MAE: 0.0449380, Test MAE: 0.0444683
Epoch: 042, Train MAE: 0.0484361, Val MAE: 0.0448378, Test MAE: 0.0444456
Epoch: 043, Train MAE: 0.0480781, Val MAE: 0.0442520, Test MAE: 0.0440709
Epoch: 044, Train MAE: 0.0473838, Val MAE: 0.0440302, Test MAE: 0.0436403
Epoch: 045, Train MAE: 0.0459927, Val MAE: 0.0439454, Test MAE: 0.0437561
Epoch: 046, Train MAE: 0.0462116, Val MAE: 0.0434834, Test MAE: 0.0437055
Epoch: 047, Train MAE: 0.0455555, Val MAE: 0.0433977, Test MAE: 0.0435511
Epoch: 048, Train MAE: 0.0449909, Val MAE: 0.0431984, Test MAE: 0.0429382
Epoch: 049, Train MAE: 0.0439071, Val MAE: 0.0431235, Test MAE: 0.0429313
Epoch: 050, Train MAE: 0.0438775, Val MAE: 0.0429515, Test MAE: 0.0423372
Epoch: 051, Train MAE: 0.0431735, Val MAE: 0.0429258, Test MAE: 0.0425763
Epoch: 052, Train MAE: 0.0427969, Val MAE: 0.0428092, Test MAE: 0.0421364
Epoch: 053, Train MAE: 0.0417174, Val MAE: 0.0424707, Test MAE: 0.0421316
Epoch: 054, Train MAE: 0.0417282, Val MAE: 0.0423244, Test MAE: 0.0424292
Epoch: 055, Train MAE: 0.0408380, Val MAE: 0.0419684, Test MAE: 0.0420302
Epoch: 056, Train MAE: 0.0405138, Val MAE: 0.0419669, Test MAE: 0.0418718
Epoch: 057, Train MAE: 0.0399431, Val MAE: 0.0418101, Test MAE: 0.0420503
Epoch: 058, Train MAE: 0.0402068, Val MAE: 0.0420895, Test MAE: 0.0420503
Epoch: 059, Train MAE: 0.0394424, Val MAE: 0.0416676, Test MAE: 0.0413818
Epoch: 060, Train MAE: 0.0383966, Val MAE: 0.0412826, Test MAE: 0.0412217
Epoch: 061, Train MAE: 0.0384813, Val MAE: 0.0416429, Test MAE: 0.0412217
Epoch: 062, Train MAE: 0.0382749, Val MAE: 0.0414901, Test MAE: 0.0412217
Epoch: 063, Train MAE: 0.0377493, Val MAE: 0.0415704, Test MAE: 0.0412217
Epoch: 064, Train MAE: 0.0372555, Val MAE: 0.0413423, Test MAE: 0.0412217
Epoch: 065, Train MAE: 0.0368615, Val MAE: 0.0411789, Test MAE: 0.0406065
Epoch: 066, Train MAE: 0.0362754, Val MAE: 0.0410721, Test MAE: 0.0406759
Epoch: 067, Train MAE: 0.0361332, Val MAE: 0.0411068, Test MAE: 0.0406759
Epoch: 068, Train MAE: 0.0357438, Val MAE: 0.0406722, Test MAE: 0.0405335
Epoch: 069, Train MAE: 0.0354454, Val MAE: 0.0409483, Test MAE: 0.0405335
Epoch: 070, Train MAE: 0.0354386, Val MAE: 0.0402820, Test MAE: 0.0403040
Epoch: 071, Train MAE: 0.0348326, Val MAE: 0.0404160, Test MAE: 0.0403040
Epoch: 072, Train MAE: 0.0347904, Val MAE: 0.0408537, Test MAE: 0.0403040
Epoch: 073, Train MAE: 0.0343937, Val MAE: 0.0405471, Test MAE: 0.0403040
Epoch: 074, Train MAE: 0.0337218, Val MAE: 0.0404561, Test MAE: 0.0403040
Epoch: 075, Train MAE: 0.0335320, Val MAE: 0.0405244, Test MAE: 0.0403040
Epoch: 076, Train MAE: 0.0334353, Val MAE: 0.0401465, Test MAE: 0.0398507
Epoch: 077, Train MAE: 0.0332949, Val MAE: 0.0401642, Test MAE: 0.0398507
Epoch: 078, Train MAE: 0.0329511, Val MAE: 0.0400446, Test MAE: 0.0395574
Epoch: 079, Train MAE: 0.0322519, Val MAE: 0.0401939, Test MAE: 0.0395574
Epoch: 080, Train MAE: 0.0320102, Val MAE: 0.0396718, Test MAE: 0.0397839
Epoch: 081, Train MAE: 0.0317707, Val MAE: 0.0397430, Test MAE: 0.0397839
Epoch: 082, Train MAE: 0.0316415, Val MAE: 0.0395468, Test MAE: 0.0393740
Epoch: 083, Train MAE: 0.0314694, Val MAE: 0.0396354, Test MAE: 0.0393740
Epoch: 084, Train MAE: 0.0314891, Val MAE: 0.0397274, Test MAE: 0.0393740
Epoch: 085, Train MAE: 0.0310803, Val MAE: 0.0398922, Test MAE: 0.0393740
Epoch: 086, Train MAE: 0.0306355, Val MAE: 0.0399199, Test MAE: 0.0393740
Epoch: 087, Train MAE: 0.0305391, Val MAE: 0.0395304, Test MAE: 0.0391857
Epoch: 088, Train MAE: 0.0303134, Val MAE: 0.0392646, Test MAE: 0.0390369
Epoch: 089, Train MAE: 0.0301331, Val MAE: 0.0388516, Test MAE: 0.0389741
Epoch: 090, Train MAE: 0.0297225, Val MAE: 0.0391995, Test MAE: 0.0389741
Epoch: 091, Train MAE: 0.0296407, Val MAE: 0.0391731, Test MAE: 0.0389741
Epoch: 092, Train MAE: 0.0292728, Val MAE: 0.0392893, Test MAE: 0.0389741
Epoch: 093, Train MAE: 0.0289543, Val MAE: 0.0391534, Test MAE: 0.0389741
Epoch: 094, Train MAE: 0.0289593, Val MAE: 0.0392606, Test MAE: 0.0389741
Epoch: 095, Train MAE: 0.0288287, Val MAE: 0.0390165, Test MAE: 0.0389741
Epoch: 096, Train MAE: 0.0285925, Val MAE: 0.0389705, Test MAE: 0.0389741
Epoch: 097, Train MAE: 0.0281969, Val MAE: 0.0389746, Test MAE: 0.0389741
Epoch: 098, Train MAE: 0.0280501, Val MAE: 0.0389526, Test MAE: 0.0389741
Epoch: 099, Train MAE: 0.0276358, Val MAE: 0.0388820, Test MAE: 0.0389741
Epoch: 100, Train MAE: 0.0277741, Val MAE: 0.0389773, Test MAE: 0.0389741
Epoch: 101, Train MAE: 0.0275925, Val MAE: 0.0386849, Test MAE: 0.0385506
Epoch: 102, Train MAE: 0.0274418, Val MAE: 0.0385398, Test MAE: 0.0382074
Epoch: 103, Train MAE: 0.0274120, Val MAE: 0.0385202, Test MAE: 0.0383939
Epoch: 104, Train MAE: 0.0270003, Val MAE: 0.0386388, Test MAE: 0.0383939
Epoch: 105, Train MAE: 0.0267670, Val MAE: 0.0384688, Test MAE: 0.0379761
Epoch: 106, Train MAE: 0.0266179, Val MAE: 0.0387745, Test MAE: 0.0379761
Epoch: 107, Train MAE: 0.0264917, Val MAE: 0.0386735, Test MAE: 0.0379761
Epoch: 108, Train MAE: 0.0260937, Val MAE: 0.0386955, Test MAE: 0.0379761
Epoch: 109, Train MAE: 0.0261891, Val MAE: 0.0384591, Test MAE: 0.0377887
Epoch: 110, Train MAE: 0.0259279, Val MAE: 0.0383105, Test MAE: 0.0377577
Epoch: 111, Train MAE: 0.0260208, Val MAE: 0.0383775, Test MAE: 0.0377577
Epoch: 112, Train MAE: 0.0254309, Val MAE: 0.0381080, Test MAE: 0.0377147
Epoch: 113, Train MAE: 0.0252346, Val MAE: 0.0381745, Test MAE: 0.0377147
Epoch: 114, Train MAE: 0.0255036, Val MAE: 0.0381704, Test MAE: 0.0377147
Epoch: 115, Train MAE: 0.0249935, Val MAE: 0.0383188, Test MAE: 0.0377147
Epoch: 116, Train MAE: 0.0247397, Val MAE: 0.0380559, Test MAE: 0.0377222
Epoch: 117, Train MAE: 0.0248433, Val MAE: 0.0381661, Test MAE: 0.0377222
Epoch: 118, Train MAE: 0.0248355, Val MAE: 0.0381443, Test MAE: 0.0377222
Epoch: 119, Train MAE: 0.0245338, Val MAE: 0.0379117, Test MAE: 0.0376321
Epoch: 120, Train MAE: 0.0243157, Val MAE: 0.0379391, Test MAE: 0.0376321
Epoch: 121, Train MAE: 0.0241729, Val MAE: 0.0380687, Test MAE: 0.0376321
Epoch: 122, Train MAE: 0.0239236, Val MAE: 0.0380807, Test MAE: 0.0376321
Epoch: 123, Train MAE: 0.0238419, Val MAE: 0.0379047, Test MAE: 0.0374513
Epoch: 124, Train MAE: 0.0235898, Val MAE: 0.0379489, Test MAE: 0.0374513
Epoch: 125, Train MAE: 0.0236177, Val MAE: 0.0377605, Test MAE: 0.0376929
Epoch: 126, Train MAE: 0.0234653, Val MAE: 0.0376805, Test MAE: 0.0373601
Epoch: 127, Train MAE: 0.0234247, Val MAE: 0.0375034, Test MAE: 0.0375383
Epoch: 128, Train MAE: 0.0234378, Val MAE: 0.0375254, Test MAE: 0.0375383
Epoch: 129, Train MAE: 0.0229172, Val MAE: 0.0375442, Test MAE: 0.0375383
Epoch: 130, Train MAE: 0.0231138, Val MAE: 0.0376993, Test MAE: 0.0375383
Epoch: 131, Train MAE: 0.0228243, Val MAE: 0.0377177, Test MAE: 0.0375383
Epoch: 132, Train MAE: 0.0226713, Val MAE: 0.0377478, Test MAE: 0.0375383
Epoch: 133, Train MAE: 0.0225044, Val MAE: 0.0376299, Test MAE: 0.0375383
Epoch: 134, Train MAE: 0.0223002, Val MAE: 0.0374104, Test MAE: 0.0369786
Epoch: 135, Train MAE: 0.0221261, Val MAE: 0.0376552, Test MAE: 0.0369786
Epoch: 136, Train MAE: 0.0220237, Val MAE: 0.0374880, Test MAE: 0.0369786
Epoch: 137, Train MAE: 0.0219750, Val MAE: 0.0374650, Test MAE: 0.0369786
Epoch: 138, Train MAE: 0.0217681, Val MAE: 0.0374418, Test MAE: 0.0369786
Epoch: 139, Train MAE: 0.0215778, Val MAE: 0.0375518, Test MAE: 0.0369786
Epoch: 140, Train MAE: 0.0215992, Val MAE: 0.0374523, Test MAE: 0.0369786
Epoch: 141, Train MAE: 0.0215785, Val MAE: 0.0375488, Test MAE: 0.0369786
Epoch: 142, Train MAE: 0.0214461, Val MAE: 0.0377217, Test MAE: 0.0369786
Epoch: 143, Train MAE: 0.0213286, Val MAE: 0.0374865, Test MAE: 0.0369786
Epoch: 144, Train MAE: 0.0213784, Val MAE: 0.0373591, Test MAE: 0.0369416
Epoch: 145, Train MAE: 0.0210951, Val MAE: 0.0374494, Test MAE: 0.0369416
Epoch: 146, Train MAE: 0.0208793, Val MAE: 0.0374965, Test MAE: 0.0369416
Epoch: 147, Train MAE: 0.0209431, Val MAE: 0.0371019, Test MAE: 0.0369775
Epoch: 148, Train MAE: 0.0206287, Val MAE: 0.0369915, Test MAE: 0.0368239
Epoch: 149, Train MAE: 0.0205825, Val MAE: 0.0370397, Test MAE: 0.0368239
Epoch: 150, Train MAE: 0.0203925, Val MAE: 0.0372988, Test MAE: 0.0368239
Epoch: 151, Train MAE: 0.0205077, Val MAE: 0.0371147, Test MAE: 0.0368239
Epoch: 152, Train MAE: 0.0202975, Val MAE: 0.0371577, Test MAE: 0.0368239
Epoch: 153, Train MAE: 0.0200820, Val MAE: 0.0370235, Test MAE: 0.0368239
Epoch: 154, Train MAE: 0.0201509, Val MAE: 0.0369912, Test MAE: 0.0368240
Epoch: 155, Train MAE: 0.0201931, Val MAE: 0.0371144, Test MAE: 0.0368240
Epoch: 156, Train MAE: 0.0197135, Val MAE: 0.0371030, Test MAE: 0.0368240
Epoch: 157, Train MAE: 0.0198921, Val MAE: 0.0370032, Test MAE: 0.0368240
Epoch: 158, Train MAE: 0.0195855, Val MAE: 0.0369227, Test MAE: 0.0367354
Epoch: 159, Train MAE: 0.0196000, Val MAE: 0.0371064, Test MAE: 0.0367354
Epoch: 160, Train MAE: 0.0193211, Val MAE: 0.0371098, Test MAE: 0.0367354
Epoch: 161, Train MAE: 0.0192607, Val MAE: 0.0368604, Test MAE: 0.0368087
Epoch: 162, Train MAE: 0.0191151, Val MAE: 0.0366654, Test MAE: 0.0366710
Epoch: 163, Train MAE: 0.0192008, Val MAE: 0.0367504, Test MAE: 0.0366710
Epoch: 164, Train MAE: 0.0190482, Val MAE: 0.0369060, Test MAE: 0.0366710
Epoch: 165, Train MAE: 0.0189313, Val MAE: 0.0368364, Test MAE: 0.0366710
Epoch: 166, Train MAE: 0.0188587, Val MAE: 0.0369609, Test MAE: 0.0366710
Epoch: 167, Train MAE: 0.0185656, Val MAE: 0.0369347, Test MAE: 0.0366710
Epoch: 168, Train MAE: 0.0188356, Val MAE: 0.0368493, Test MAE: 0.0366710
Epoch: 169, Train MAE: 0.0186252, Val MAE: 0.0368512, Test MAE: 0.0366710
Epoch: 170, Train MAE: 0.0184901, Val MAE: 0.0369596, Test MAE: 0.0366710
Epoch: 171, Train MAE: 0.0182732, Val MAE: 0.0366036, Test MAE: 0.0363446
Epoch: 172, Train MAE: 0.0183986, Val MAE: 0.0367479, Test MAE: 0.0363446
Epoch: 173, Train MAE: 0.0180949, Val MAE: 0.0366727, Test MAE: 0.0363446
Epoch: 174, Train MAE: 0.0178588, Val MAE: 0.0366885, Test MAE: 0.0363446
Epoch: 175, Train MAE: 0.0178630, Val MAE: 0.0366295, Test MAE: 0.0363446
Epoch: 176, Train MAE: 0.0178280, Val MAE: 0.0366303, Test MAE: 0.0363446
Epoch: 177, Train MAE: 0.0177466, Val MAE: 0.0365441, Test MAE: 0.0361764
Epoch: 178, Train MAE: 0.0176145, Val MAE: 0.0366203, Test MAE: 0.0361764
Epoch: 179, Train MAE: 0.0176696, Val MAE: 0.0366180, Test MAE: 0.0361764
Epoch: 180, Train MAE: 0.0175760, Val MAE: 0.0365959, Test MAE: 0.0361764
Epoch: 181, Train MAE: 0.0173030, Val MAE: 0.0367769, Test MAE: 0.0361764
Epoch: 182, Train MAE: 0.0172738, Val MAE: 0.0367173, Test MAE: 0.0361764
Epoch: 183, Train MAE: 0.0173515, Val MAE: 0.0364773, Test MAE: 0.0360724
Epoch: 184, Train MAE: 0.0170520, Val MAE: 0.0364599, Test MAE: 0.0363428
Epoch: 185, Train MAE: 0.0170769, Val MAE: 0.0367167, Test MAE: 0.0363428
Epoch: 186, Train MAE: 0.0170190, Val MAE: 0.0366323, Test MAE: 0.0363428
Epoch: 187, Train MAE: 0.0168712, Val MAE: 0.0366335, Test MAE: 0.0363428
Epoch: 188, Train MAE: 0.0169038, Val MAE: 0.0367995, Test MAE: 0.0363428
Epoch: 189, Train MAE: 0.0165778, Val MAE: 0.0364953, Test MAE: 0.0363428
Epoch: 190, Train MAE: 0.0166551, Val MAE: 0.0364986, Test MAE: 0.0363428
Epoch: 191, Train MAE: 0.0165341, Val MAE: 0.0365579, Test MAE: 0.0363428
Epoch: 192, Train MAE: 0.0165493, Val MAE: 0.0364682, Test MAE: 0.0363428
Epoch: 193, Train MAE: 0.0164738, Val MAE: 0.0363831, Test MAE: 0.0359556
Epoch: 194, Train MAE: 0.0163398, Val MAE: 0.0364142, Test MAE: 0.0359556
Epoch: 195, Train MAE: 0.0162695, Val MAE: 0.0363488, Test MAE: 0.0359224
Epoch: 196, Train MAE: 0.0161828, Val MAE: 0.0363217, Test MAE: 0.0359469
Epoch: 197, Train MAE: 0.0160380, Val MAE: 0.0364405, Test MAE: 0.0359469
Epoch: 198, Train MAE: 0.0160481, Val MAE: 0.0364782, Test MAE: 0.0359469
Epoch: 199, Train MAE: 0.0162155, Val MAE: 0.0364442, Test MAE: 0.0359469
Epoch: 200, Train MAE: 0.0157576, Val MAE: 0.0364193, Test MAE: 0.0359469
Epoch: 201, Train MAE: 0.0158051, Val MAE: 0.0364438, Test MAE: 0.0359469
Epoch: 202, Train MAE: 0.0158903, Val MAE: 0.0363396, Test MAE: 0.0359469
Epoch: 203, Train MAE: 0.0157559, Val MAE: 0.0364996, Test MAE: 0.0359469
Epoch: 204, Train MAE: 0.0155981, Val MAE: 0.0364324, Test MAE: 0.0359469
Epoch: 205, Train MAE: 0.0155909, Val MAE: 0.0366429, Test MAE: 0.0359469
Epoch: 206, Train MAE: 0.0155670, Val MAE: 0.0363598, Test MAE: 0.0359469
Epoch: 207, Train MAE: 0.0153661, Val MAE: 0.0364443, Test MAE: 0.0359469
Epoch: 208, Train MAE: 0.0152968, Val MAE: 0.0363516, Test MAE: 0.0359469
Epoch: 209, Train MAE: 0.0153091, Val MAE: 0.0364267, Test MAE: 0.0359469
Epoch: 210, Train MAE: 0.0152064, Val MAE: 0.0364705, Test MAE: 0.0359469
Epoch: 211, Train MAE: 0.0151485, Val MAE: 0.0362566, Test MAE: 0.0360946
Epoch: 212, Train MAE: 0.0151401, Val MAE: 0.0362951, Test MAE: 0.0360946
Epoch: 213, Train MAE: 0.0149633, Val MAE: 0.0362707, Test MAE: 0.0360946
Epoch: 214, Train MAE: 0.0148563, Val MAE: 0.0361778, Test MAE: 0.0359894
Epoch: 215, Train MAE: 0.0148513, Val MAE: 0.0362160, Test MAE: 0.0359894
Epoch: 216, Train MAE: 0.0149050, Val MAE: 0.0361544, Test MAE: 0.0358089
Epoch: 217, Train MAE: 0.0147240, Val MAE: 0.0364159, Test MAE: 0.0358089
Epoch: 218, Train MAE: 0.0147032, Val MAE: 0.0361917, Test MAE: 0.0358089
Epoch: 219, Train MAE: 0.0144212, Val MAE: 0.0363222, Test MAE: 0.0358089
Epoch: 220, Train MAE: 0.0144522, Val MAE: 0.0361903, Test MAE: 0.0358089
Epoch: 221, Train MAE: 0.0143407, Val MAE: 0.0360539, Test MAE: 0.0359024
Epoch: 222, Train MAE: 0.0144040, Val MAE: 0.0362019, Test MAE: 0.0359024
Epoch: 223, Train MAE: 0.0143319, Val MAE: 0.0359703, Test MAE: 0.0361178
Epoch: 224, Train MAE: 0.0141394, Val MAE: 0.0359344, Test MAE: 0.0359477
Epoch: 225, Train MAE: 0.0141264, Val MAE: 0.0361972, Test MAE: 0.0359477
Epoch: 226, Train MAE: 0.0141644, Val MAE: 0.0360283, Test MAE: 0.0359477
Epoch: 227, Train MAE: 0.0140801, Val MAE: 0.0361429, Test MAE: 0.0359477
Epoch: 228, Train MAE: 0.0139204, Val MAE: 0.0362050, Test MAE: 0.0359477
Epoch: 229, Train MAE: 0.0140278, Val MAE: 0.0360242, Test MAE: 0.0359477
Epoch: 230, Train MAE: 0.0138010, Val MAE: 0.0360901, Test MAE: 0.0359477
Epoch: 231, Train MAE: 0.0136926, Val MAE: 0.0358900, Test MAE: 0.0358442
Epoch: 232, Train MAE: 0.0136862, Val MAE: 0.0359735, Test MAE: 0.0358442
Epoch: 233, Train MAE: 0.0136560, Val MAE: 0.0360766, Test MAE: 0.0358442
Epoch: 234, Train MAE: 0.0136127, Val MAE: 0.0360855, Test MAE: 0.0358442
Epoch: 235, Train MAE: 0.0135418, Val MAE: 0.0360017, Test MAE: 0.0358442
Epoch: 236, Train MAE: 0.0133536, Val MAE: 0.0360450, Test MAE: 0.0358442
Epoch: 237, Train MAE: 0.0134186, Val MAE: 0.0360799, Test MAE: 0.0358442
Epoch: 238, Train MAE: 0.0133078, Val MAE: 0.0360392, Test MAE: 0.0358442
Epoch: 239, Train MAE: 0.0133745, Val MAE: 0.0359311, Test MAE: 0.0358442
Epoch: 240, Train MAE: 0.0130897, Val MAE: 0.0358997, Test MAE: 0.0358442
Epoch: 241, Train MAE: 0.0130522, Val MAE: 0.0359151, Test MAE: 0.0358442
Epoch: 242, Train MAE: 0.0132202, Val MAE: 0.0360264, Test MAE: 0.0358442
Epoch: 243, Train MAE: 0.0131054, Val MAE: 0.0358333, Test MAE: 0.0357569
Epoch: 244, Train MAE: 0.0131041, Val MAE: 0.0360911, Test MAE: 0.0357569
Epoch: 245, Train MAE: 0.0129350, Val MAE: 0.0361468, Test MAE: 0.0357569
Epoch: 246, Train MAE: 0.0128609, Val MAE: 0.0359257, Test MAE: 0.0357569
Epoch: 247, Train MAE: 0.0128487, Val MAE: 0.0359962, Test MAE: 0.0357569
Epoch: 248, Train MAE: 0.0128324, Val MAE: 0.0359249, Test MAE: 0.0357569
Epoch: 249, Train MAE: 0.0127531, Val MAE: 0.0358956, Test MAE: 0.0357569
Epoch: 250, Train MAE: 0.0125282, Val MAE: 0.0359952, Test MAE: 0.0357569
Epoch: 251, Train MAE: 0.0126427, Val MAE: 0.0360525, Test MAE: 0.0357569
Epoch: 252, Train MAE: 0.0125704, Val MAE: 0.0359757, Test MAE: 0.0357569
Epoch: 253, Train MAE: 0.0125061, Val MAE: 0.0359780, Test MAE: 0.0357569
Epoch: 254, Train MAE: 0.0125749, Val MAE: 0.0360619, Test MAE: 0.0357569
Epoch: 255, Train MAE: 0.0123863, Val MAE: 0.0359638, Test MAE: 0.0357569
Epoch: 256, Train MAE: 0.0123478, Val MAE: 0.0360470, Test MAE: 0.0357569
Epoch: 257, Train MAE: 0.0123386, Val MAE: 0.0360684, Test MAE: 0.0357569
Epoch: 258, Train MAE: 0.0123234, Val MAE: 0.0360582, Test MAE: 0.0357569
Epoch: 259, Train MAE: 0.0121428, Val MAE: 0.0359079, Test MAE: 0.0357569
Epoch: 260, Train MAE: 0.0122058, Val MAE: 0.0358496, Test MAE: 0.0357569
Epoch: 261, Train MAE: 0.0120924, Val MAE: 0.0359311, Test MAE: 0.0357569
Epoch: 262, Train MAE: 0.0120332, Val MAE: 0.0359633, Test MAE: 0.0357569
Epoch: 263, Train MAE: 0.0119829, Val MAE: 0.0358195, Test MAE: 0.0354878
Epoch: 264, Train MAE: 0.0119782, Val MAE: 0.0358099, Test MAE: 0.0356086
Epoch: 265, Train MAE: 0.0119476, Val MAE: 0.0358387, Test MAE: 0.0356086
Epoch: 266, Train MAE: 0.0119519, Val MAE: 0.0358993, Test MAE: 0.0356086
Epoch: 267, Train MAE: 0.0116503, Val MAE: 0.0358183, Test MAE: 0.0356086
Epoch: 268, Train MAE: 0.0117225, Val MAE: 0.0358099, Test MAE: 0.0356086
Epoch: 269, Train MAE: 0.0115463, Val MAE: 0.0359789, Test MAE: 0.0356086
Epoch: 270, Train MAE: 0.0117085, Val MAE: 0.0359652, Test MAE: 0.0356086
Epoch: 271, Train MAE: 0.0114846, Val MAE: 0.0357016, Test MAE: 0.0353950
Epoch: 272, Train MAE: 0.0116418, Val MAE: 0.0356442, Test MAE: 0.0353928
Epoch: 273, Train MAE: 0.0115231, Val MAE: 0.0357826, Test MAE: 0.0353928
Epoch: 274, Train MAE: 0.0115080, Val MAE: 0.0357986, Test MAE: 0.0353928
Epoch: 275, Train MAE: 0.0114000, Val MAE: 0.0356918, Test MAE: 0.0353928
Epoch: 276, Train MAE: 0.0114042, Val MAE: 0.0356841, Test MAE: 0.0353928
Epoch: 277, Train MAE: 0.0111320, Val MAE: 0.0357789, Test MAE: 0.0353928
Epoch: 278, Train MAE: 0.0112714, Val MAE: 0.0357803, Test MAE: 0.0353928
Epoch: 279, Train MAE: 0.0111439, Val MAE: 0.0356478, Test MAE: 0.0353928
Epoch: 280, Train MAE: 0.0111645, Val MAE: 0.0357163, Test MAE: 0.0353928
Epoch: 281, Train MAE: 0.0111808, Val MAE: 0.0356745, Test MAE: 0.0353928
Epoch: 282, Train MAE: 0.0109403, Val MAE: 0.0356374, Test MAE: 0.0354930
Epoch: 283, Train MAE: 0.0109726, Val MAE: 0.0356814, Test MAE: 0.0354930
Epoch: 284, Train MAE: 0.0110245, Val MAE: 0.0358059, Test MAE: 0.0354930
Epoch: 285, Train MAE: 0.0108850, Val MAE: 0.0358086, Test MAE: 0.0354930
Epoch: 286, Train MAE: 0.0108447, Val MAE: 0.0357910, Test MAE: 0.0354930
Epoch: 287, Train MAE: 0.0106402, Val MAE: 0.0356969, Test MAE: 0.0354930
Epoch: 288, Train MAE: 0.0106310, Val MAE: 0.0357270, Test MAE: 0.0354930
Epoch: 289, Train MAE: 0.0106970, Val MAE: 0.0356494, Test MAE: 0.0354930
Epoch: 290, Train MAE: 0.0107534, Val MAE: 0.0356216, Test MAE: 0.0353853
Epoch: 291, Train MAE: 0.0106281, Val MAE: 0.0356456, Test MAE: 0.0353853
Epoch: 292, Train MAE: 0.0105882, Val MAE: 0.0356726, Test MAE: 0.0353853
Epoch: 293, Train MAE: 0.0105720, Val MAE: 0.0357342, Test MAE: 0.0353853
Epoch: 294, Train MAE: 0.0104674, Val MAE: 0.0357279, Test MAE: 0.0353853
Epoch: 295, Train MAE: 0.0103389, Val MAE: 0.0356703, Test MAE: 0.0353853
Epoch: 296, Train MAE: 0.0104820, Val MAE: 0.0356623, Test MAE: 0.0353853
Epoch: 297, Train MAE: 0.0104116, Val MAE: 0.0357253, Test MAE: 0.0353853
Epoch: 298, Train MAE: 0.0104073, Val MAE: 0.0356844, Test MAE: 0.0353853
Epoch: 299, Train MAE: 0.0103389, Val MAE: 0.0357090, Test MAE: 0.0353853
Epoch: 300, Train MAE: 0.0102264, Val MAE: 0.0356911, Test MAE: 0.0353853
Epoch: 301, Train MAE: 0.0102235, Val MAE: 0.0358028, Test MAE: 0.0353853
Epoch: 302, Train MAE: 0.0102304, Val MAE: 0.0357849, Test MAE: 0.0353853
Epoch: 303, Train MAE: 0.0101861, Val MAE: 0.0356707, Test MAE: 0.0353853
Epoch: 304, Train MAE: 0.0100523, Val MAE: 0.0356998, Test MAE: 0.0353853
Epoch: 305, Train MAE: 0.0101159, Val MAE: 0.0358158, Test MAE: 0.0353853
Epoch: 306, Train MAE: 0.0099962, Val MAE: 0.0356869, Test MAE: 0.0353853
Epoch: 307, Train MAE: 0.0099183, Val MAE: 0.0357002, Test MAE: 0.0353853
Epoch: 308, Train MAE: 0.0099680, Val MAE: 0.0357056, Test MAE: 0.0353853
Epoch: 309, Train MAE: 0.0099285, Val MAE: 0.0356732, Test MAE: 0.0353853
Epoch: 310, Train MAE: 0.0097679, Val MAE: 0.0355972, Test MAE: 0.0352304
Epoch: 311, Train MAE: 0.0096925, Val MAE: 0.0355115, Test MAE: 0.0352437
Epoch: 312, Train MAE: 0.0097091, Val MAE: 0.0357085, Test MAE: 0.0352437
Epoch: 313, Train MAE: 0.0096723, Val MAE: 0.0357133, Test MAE: 0.0352437
Epoch: 314, Train MAE: 0.0096078, Val MAE: 0.0357470, Test MAE: 0.0352437
Epoch: 315, Train MAE: 0.0096257, Val MAE: 0.0356802, Test MAE: 0.0352437
Epoch: 316, Train MAE: 0.0095456, Val MAE: 0.0355495, Test MAE: 0.0352437
Epoch: 317, Train MAE: 0.0095584, Val MAE: 0.0356009, Test MAE: 0.0352437
Epoch: 318, Train MAE: 0.0094941, Val MAE: 0.0357383, Test MAE: 0.0352437
Epoch: 319, Train MAE: 0.0093928, Val MAE: 0.0356163, Test MAE: 0.0352437
Epoch: 320, Train MAE: 0.0093659, Val MAE: 0.0356173, Test MAE: 0.0352437
Epoch: 321, Train MAE: 0.0093096, Val MAE: 0.0357231, Test MAE: 0.0352437
Epoch: 322, Train MAE: 0.0093797, Val MAE: 0.0354508, Test MAE: 0.0353462
Epoch: 323, Train MAE: 0.0094763, Val MAE: 0.0355867, Test MAE: 0.0353462
Epoch: 324, Train MAE: 0.0092582, Val MAE: 0.0355142, Test MAE: 0.0353462
Epoch: 325, Train MAE: 0.0092555, Val MAE: 0.0355719, Test MAE: 0.0353462
Epoch: 326, Train MAE: 0.0091103, Val MAE: 0.0353970, Test MAE: 0.0354016
Epoch: 327, Train MAE: 0.0091696, Val MAE: 0.0354183, Test MAE: 0.0354016
Epoch: 328, Train MAE: 0.0091448, Val MAE: 0.0355393, Test MAE: 0.0354016
Epoch: 329, Train MAE: 0.0090363, Val MAE: 0.0354645, Test MAE: 0.0354016
Epoch: 330, Train MAE: 0.0090562, Val MAE: 0.0356251, Test MAE: 0.0354016
Epoch: 331, Train MAE: 0.0090788, Val MAE: 0.0355723, Test MAE: 0.0354016
Epoch: 332, Train MAE: 0.0089225, Val MAE: 0.0356111, Test MAE: 0.0354016
Epoch: 333, Train MAE: 0.0090316, Val MAE: 0.0354775, Test MAE: 0.0354016
Epoch: 334, Train MAE: 0.0089318, Val MAE: 0.0354807, Test MAE: 0.0354016
Epoch: 335, Train MAE: 0.0087639, Val MAE: 0.0354448, Test MAE: 0.0354016
Epoch: 336, Train MAE: 0.0088348, Val MAE: 0.0354950, Test MAE: 0.0354016
Epoch: 337, Train MAE: 0.0087604, Val MAE: 0.0354431, Test MAE: 0.0354016
Epoch: 338, Train MAE: 0.0086812, Val MAE: 0.0354949, Test MAE: 0.0354016
Epoch: 339, Train MAE: 0.0086690, Val MAE: 0.0354870, Test MAE: 0.0354016
Epoch: 340, Train MAE: 0.0087005, Val MAE: 0.0355355, Test MAE: 0.0354016
Epoch: 341, Train MAE: 0.0085734, Val MAE: 0.0354923, Test MAE: 0.0354016
Epoch: 342, Train MAE: 0.0085476, Val MAE: 0.0354593, Test MAE: 0.0354016
Epoch: 343, Train MAE: 0.0086188, Val MAE: 0.0354943, Test MAE: 0.0354016
Epoch: 344, Train MAE: 0.0084918, Val MAE: 0.0356843, Test MAE: 0.0354016
Epoch: 345, Train MAE: 0.0084591, Val MAE: 0.0354932, Test MAE: 0.0354016
Epoch: 346, Train MAE: 0.0085233, Val MAE: 0.0355370, Test MAE: 0.0354016
Epoch: 347, Train MAE: 0.0084107, Val MAE: 0.0355219, Test MAE: 0.0354016
Epoch: 348, Train MAE: 0.0083993, Val MAE: 0.0355802, Test MAE: 0.0354016
Epoch: 349, Train MAE: 0.0083839, Val MAE: 0.0354699, Test MAE: 0.0354016
Epoch: 350, Train MAE: 0.0082677, Val MAE: 0.0355174, Test MAE: 0.0354016
Epoch: 351, Train MAE: 0.0083347, Val MAE: 0.0354678, Test MAE: 0.0354016
Epoch: 352, Train MAE: 0.0082782, Val MAE: 0.0354141, Test MAE: 0.0354016
Epoch: 353, Train MAE: 0.0080971, Val MAE: 0.0354687, Test MAE: 0.0354016
Epoch: 354, Train MAE: 0.0082305, Val MAE: 0.0354602, Test MAE: 0.0354016
Epoch: 355, Train MAE: 0.0081441, Val MAE: 0.0355111, Test MAE: 0.0354016
Epoch: 356, Train MAE: 0.0081332, Val MAE: 0.0353989, Test MAE: 0.0354016
Epoch: 357, Train MAE: 0.0081137, Val MAE: 0.0354848, Test MAE: 0.0354016
Epoch: 358, Train MAE: 0.0080129, Val MAE: 0.0353874, Test MAE: 0.0352183
Epoch: 359, Train MAE: 0.0079872, Val MAE: 0.0354318, Test MAE: 0.0352183
Epoch: 360, Train MAE: 0.0078975, Val MAE: 0.0354761, Test MAE: 0.0352183
Epoch: 361, Train MAE: 0.0079108, Val MAE: 0.0353818, Test MAE: 0.0352377
Epoch: 362, Train MAE: 0.0079273, Val MAE: 0.0354647, Test MAE: 0.0352377
Epoch: 363, Train MAE: 0.0078885, Val MAE: 0.0354460, Test MAE: 0.0352377
Epoch: 364, Train MAE: 0.0078087, Val MAE: 0.0353478, Test MAE: 0.0352413
Epoch: 365, Train MAE: 0.0077596, Val MAE: 0.0353818, Test MAE: 0.0352413
Epoch: 366, Train MAE: 0.0077356, Val MAE: 0.0354281, Test MAE: 0.0352413
Epoch: 367, Train MAE: 0.0077996, Val MAE: 0.0354891, Test MAE: 0.0352413
Epoch: 368, Train MAE: 0.0077327, Val MAE: 0.0353805, Test MAE: 0.0352413
Epoch: 369, Train MAE: 0.0076663, Val MAE: 0.0353853, Test MAE: 0.0352413
Epoch: 370, Train MAE: 0.0076796, Val MAE: 0.0353928, Test MAE: 0.0352413
Epoch: 371, Train MAE: 0.0077491, Val MAE: 0.0354548, Test MAE: 0.0352413
Epoch: 372, Train MAE: 0.0075482, Val MAE: 0.0354799, Test MAE: 0.0352413
Epoch: 373, Train MAE: 0.0075596, Val MAE: 0.0354113, Test MAE: 0.0352413
Epoch: 374, Train MAE: 0.0075921, Val MAE: 0.0354308, Test MAE: 0.0352413
Epoch: 375, Train MAE: 0.0074533, Val MAE: 0.0353596, Test MAE: 0.0352413
Epoch: 376, Train MAE: 0.0074721, Val MAE: 0.0353090, Test MAE: 0.0351740
Epoch: 377, Train MAE: 0.0074293, Val MAE: 0.0353702, Test MAE: 0.0351740
Epoch: 378, Train MAE: 0.0074612, Val MAE: 0.0354204, Test MAE: 0.0351740
Epoch: 379, Train MAE: 0.0074463, Val MAE: 0.0353505, Test MAE: 0.0351740
Epoch: 380, Train MAE: 0.0073852, Val MAE: 0.0354094, Test MAE: 0.0351740
Epoch: 381, Train MAE: 0.0073273, Val MAE: 0.0354316, Test MAE: 0.0351740
Epoch: 382, Train MAE: 0.0073317, Val MAE: 0.0354245, Test MAE: 0.0351740
Epoch: 383, Train MAE: 0.0073093, Val MAE: 0.0354176, Test MAE: 0.0351740
Epoch: 384, Train MAE: 0.0073071, Val MAE: 0.0354124, Test MAE: 0.0351740
Epoch: 385, Train MAE: 0.0071790, Val MAE: 0.0354339, Test MAE: 0.0351740
Epoch: 386, Train MAE: 0.0071432, Val MAE: 0.0354115, Test MAE: 0.0351740
Epoch: 387, Train MAE: 0.0072205, Val MAE: 0.0353973, Test MAE: 0.0351740
Epoch: 388, Train MAE: 0.0070925, Val MAE: 0.0354113, Test MAE: 0.0351740
Epoch: 389, Train MAE: 0.0070862, Val MAE: 0.0354330, Test MAE: 0.0351740
Epoch: 390, Train MAE: 0.0071089, Val MAE: 0.0354365, Test MAE: 0.0351740
Epoch: 391, Train MAE: 0.0071289, Val MAE: 0.0353405, Test MAE: 0.0351740
Epoch: 392, Train MAE: 0.0069743, Val MAE: 0.0353758, Test MAE: 0.0351740
Epoch: 393, Train MAE: 0.0069888, Val MAE: 0.0353398, Test MAE: 0.0351740
Epoch: 394, Train MAE: 0.0070287, Val MAE: 0.0353706, Test MAE: 0.0351740
Epoch: 395, Train MAE: 0.0069260, Val MAE: 0.0353581, Test MAE: 0.0351740
Epoch: 396, Train MAE: 0.0068932, Val MAE: 0.0353424, Test MAE: 0.0351740
Epoch: 397, Train MAE: 0.0068727, Val MAE: 0.0353502, Test MAE: 0.0351740
Epoch: 398, Train MAE: 0.0068438, Val MAE: 0.0353403, Test MAE: 0.0351740
Epoch: 399, Train MAE: 0.0069103, Val MAE: 0.0353155, Test MAE: 0.0351740
Epoch: 400, Train MAE: 0.0067816, Val MAE: 0.0353786, Test MAE: 0.0351740
Epoch: 401, Train MAE: 0.0069060, Val MAE: 0.0353780, Test MAE: 0.0351740
Epoch: 402, Train MAE: 0.0067416, Val MAE: 0.0354020, Test MAE: 0.0351740
Epoch: 403, Train MAE: 0.0067639, Val MAE: 0.0354289, Test MAE: 0.0351740
Epoch: 404, Train MAE: 0.0067585, Val MAE: 0.0353969, Test MAE: 0.0351740
Epoch: 405, Train MAE: 0.0067083, Val MAE: 0.0353793, Test MAE: 0.0351740
Epoch: 406, Train MAE: 0.0066748, Val MAE: 0.0354139, Test MAE: 0.0351740
Epoch: 407, Train MAE: 0.0066227, Val MAE: 0.0353557, Test MAE: 0.0351740
Epoch: 408, Train MAE: 0.0065486, Val MAE: 0.0353422, Test MAE: 0.0351740
Epoch: 409, Train MAE: 0.0066201, Val MAE: 0.0353098, Test MAE: 0.0351740
Epoch: 410, Train MAE: 0.0065549, Val MAE: 0.0353077, Test MAE: 0.0351783
Epoch: 411, Train MAE: 0.0065018, Val MAE: 0.0352305, Test MAE: 0.0351798
Epoch: 412, Train MAE: 0.0065253, Val MAE: 0.0352524, Test MAE: 0.0351798
Epoch: 413, Train MAE: 0.0064012, Val MAE: 0.0353371, Test MAE: 0.0351798
Epoch: 414, Train MAE: 0.0064411, Val MAE: 0.0353132, Test MAE: 0.0351798
Epoch: 415, Train MAE: 0.0064200, Val MAE: 0.0353566, Test MAE: 0.0351798
Epoch: 416, Train MAE: 0.0064457, Val MAE: 0.0353216, Test MAE: 0.0351798
Epoch: 417, Train MAE: 0.0063138, Val MAE: 0.0352927, Test MAE: 0.0351798
Epoch: 418, Train MAE: 0.0062405, Val MAE: 0.0352898, Test MAE: 0.0351798
Epoch: 419, Train MAE: 0.0062998, Val MAE: 0.0353019, Test MAE: 0.0351798
Epoch: 420, Train MAE: 0.0062428, Val MAE: 0.0353577, Test MAE: 0.0351798
Epoch: 421, Train MAE: 0.0062553, Val MAE: 0.0353116, Test MAE: 0.0351798
Epoch: 422, Train MAE: 0.0062420, Val MAE: 0.0353399, Test MAE: 0.0351798
Epoch: 423, Train MAE: 0.0062654, Val MAE: 0.0353134, Test MAE: 0.0351798
Epoch: 424, Train MAE: 0.0062486, Val MAE: 0.0353541, Test MAE: 0.0351798
Epoch: 425, Train MAE: 0.0061504, Val MAE: 0.0353862, Test MAE: 0.0351798
Epoch: 426, Train MAE: 0.0061425, Val MAE: 0.0353845, Test MAE: 0.0351798
Epoch: 427, Train MAE: 0.0061852, Val MAE: 0.0353722, Test MAE: 0.0351798
Epoch: 428, Train MAE: 0.0061901, Val MAE: 0.0352960, Test MAE: 0.0351798
Epoch: 429, Train MAE: 0.0060214, Val MAE: 0.0353229, Test MAE: 0.0351798
Epoch: 430, Train MAE: 0.0060698, Val MAE: 0.0353390, Test MAE: 0.0351798
Epoch: 431, Train MAE: 0.0059698, Val MAE: 0.0353000, Test MAE: 0.0351798
Epoch: 432, Train MAE: 0.0060315, Val MAE: 0.0353156, Test MAE: 0.0351798
Epoch: 433, Train MAE: 0.0060233, Val MAE: 0.0352900, Test MAE: 0.0351798
Epoch: 434, Train MAE: 0.0059513, Val MAE: 0.0353800, Test MAE: 0.0351798
Epoch: 435, Train MAE: 0.0059356, Val MAE: 0.0353925, Test MAE: 0.0351798
Epoch: 436, Train MAE: 0.0058984, Val MAE: 0.0353123, Test MAE: 0.0351798
Epoch: 437, Train MAE: 0.0058829, Val MAE: 0.0353577, Test MAE: 0.0351798
Epoch: 438, Train MAE: 0.0058844, Val MAE: 0.0353324, Test MAE: 0.0351798
Epoch: 439, Train MAE: 0.0058307, Val MAE: 0.0353323, Test MAE: 0.0351798
Epoch: 440, Train MAE: 0.0057371, Val MAE: 0.0353845, Test MAE: 0.0351798
Epoch: 441, Train MAE: 0.0057885, Val MAE: 0.0353730, Test MAE: 0.0351798
Epoch: 442, Train MAE: 0.0057838, Val MAE: 0.0353422, Test MAE: 0.0351798
Epoch: 443, Train MAE: 0.0057480, Val MAE: 0.0353253, Test MAE: 0.0351798
Epoch: 444, Train MAE: 0.0057557, Val MAE: 0.0352641, Test MAE: 0.0351798
Epoch: 445, Train MAE: 0.0057210, Val MAE: 0.0352953, Test MAE: 0.0351798
Epoch: 446, Train MAE: 0.0057599, Val MAE: 0.0353084, Test MAE: 0.0351798
Epoch: 447, Train MAE: 0.0056162, Val MAE: 0.0352645, Test MAE: 0.0351798
Epoch: 448, Train MAE: 0.0056683, Val MAE: 0.0352862, Test MAE: 0.0351798
Epoch: 449, Train MAE: 0.0055710, Val MAE: 0.0352873, Test MAE: 0.0351798
Epoch: 450, Train MAE: 0.0056257, Val MAE: 0.0352001, Test MAE: 0.0351531
Epoch: 451, Train MAE: 0.0055688, Val MAE: 0.0351900, Test MAE: 0.0350858
Epoch: 452, Train MAE: 0.0055090, Val MAE: 0.0352221, Test MAE: 0.0350858
Epoch: 453, Train MAE: 0.0056039, Val MAE: 0.0352768, Test MAE: 0.0350858
Epoch: 454, Train MAE: 0.0055160, Val MAE: 0.0352873, Test MAE: 0.0350858
Epoch: 455, Train MAE: 0.0054669, Val MAE: 0.0352854, Test MAE: 0.0350858
Epoch: 456, Train MAE: 0.0054882, Val MAE: 0.0352339, Test MAE: 0.0350858
Epoch: 457, Train MAE: 0.0054802, Val MAE: 0.0352605, Test MAE: 0.0350858
Epoch: 458, Train MAE: 0.0054285, Val MAE: 0.0353299, Test MAE: 0.0350858
Epoch: 459, Train MAE: 0.0053609, Val MAE: 0.0353319, Test MAE: 0.0350858
Epoch: 460, Train MAE: 0.0053967, Val MAE: 0.0352707, Test MAE: 0.0350858
Epoch: 461, Train MAE: 0.0053679, Val MAE: 0.0353276, Test MAE: 0.0350858
Epoch: 462, Train MAE: 0.0053259, Val MAE: 0.0352478, Test MAE: 0.0350858
Epoch: 463, Train MAE: 0.0052632, Val MAE: 0.0352938, Test MAE: 0.0350858
Epoch: 464, Train MAE: 0.0052642, Val MAE: 0.0352902, Test MAE: 0.0350858
Epoch: 465, Train MAE: 0.0052512, Val MAE: 0.0352886, Test MAE: 0.0350858
Epoch: 466, Train MAE: 0.0052267, Val MAE: 0.0352630, Test MAE: 0.0350858
Epoch: 467, Train MAE: 0.0051823, Val MAE: 0.0352613, Test MAE: 0.0350858
Epoch: 468, Train MAE: 0.0051887, Val MAE: 0.0352849, Test MAE: 0.0350858
Epoch: 469, Train MAE: 0.0051588, Val MAE: 0.0352196, Test MAE: 0.0350858
Epoch: 470, Train MAE: 0.0051488, Val MAE: 0.0352771, Test MAE: 0.0350858
Epoch: 471, Train MAE: 0.0051781, Val MAE: 0.0352560, Test MAE: 0.0350858
Epoch: 472, Train MAE: 0.0051023, Val MAE: 0.0352550, Test MAE: 0.0350858
Epoch: 473, Train MAE: 0.0051242, Val MAE: 0.0352793, Test MAE: 0.0350858
Epoch: 474, Train MAE: 0.0050662, Val MAE: 0.0353378, Test MAE: 0.0350858
Epoch: 475, Train MAE: 0.0050948, Val MAE: 0.0352774, Test MAE: 0.0350858
Epoch: 476, Train MAE: 0.0051043, Val MAE: 0.0353016, Test MAE: 0.0350858
Epoch: 477, Train MAE: 0.0049582, Val MAE: 0.0352771, Test MAE: 0.0350858
Epoch: 478, Train MAE: 0.0050666, Val MAE: 0.0353026, Test MAE: 0.0350858
Epoch: 479, Train MAE: 0.0049860, Val MAE: 0.0352851, Test MAE: 0.0350858
Epoch: 480, Train MAE: 0.0049829, Val MAE: 0.0353077, Test MAE: 0.0350858
Epoch: 481, Train MAE: 0.0049576, Val MAE: 0.0352534, Test MAE: 0.0350858
Epoch: 482, Train MAE: 0.0048511, Val MAE: 0.0353006, Test MAE: 0.0350858
Epoch: 483, Train MAE: 0.0049614, Val MAE: 0.0352931, Test MAE: 0.0350858
Epoch: 484, Train MAE: 0.0048711, Val MAE: 0.0352124, Test MAE: 0.0350858
Epoch: 485, Train MAE: 0.0048771, Val MAE: 0.0352691, Test MAE: 0.0350858
Epoch: 486, Train MAE: 0.0047942, Val MAE: 0.0352289, Test MAE: 0.0350858
Epoch: 487, Train MAE: 0.0048227, Val MAE: 0.0352388, Test MAE: 0.0350858
Epoch: 488, Train MAE: 0.0048057, Val MAE: 0.0352911, Test MAE: 0.0350858
Epoch: 489, Train MAE: 0.0047806, Val MAE: 0.0351995, Test MAE: 0.0350858
Epoch: 490, Train MAE: 0.0047250, Val MAE: 0.0351857, Test MAE: 0.0350134
Epoch: 491, Train MAE: 0.0047912, Val MAE: 0.0352233, Test MAE: 0.0350134
Epoch: 492, Train MAE: 0.0047668, Val MAE: 0.0352502, Test MAE: 0.0350134
Epoch: 493, Train MAE: 0.0047301, Val MAE: 0.0352530, Test MAE: 0.0350134
Epoch: 494, Train MAE: 0.0047158, Val MAE: 0.0352077, Test MAE: 0.0350134
Epoch: 495, Train MAE: 0.0046876, Val MAE: 0.0352337, Test MAE: 0.0350134
Epoch: 496, Train MAE: 0.0046746, Val MAE: 0.0352349, Test MAE: 0.0350134
Epoch: 497, Train MAE: 0.0046479, Val MAE: 0.0352712, Test MAE: 0.0350134
Epoch: 498, Train MAE: 0.0046258, Val MAE: 0.0353471, Test MAE: 0.0350134
Epoch: 499, Train MAE: 0.0046279, Val MAE: 0.0352556, Test MAE: 0.0350134
Epoch: 500, Train MAE: 0.0046159, Val MAE: 0.0352724, Test MAE: 0.0350134
Epoch: 501, Train MAE: 0.0045601, Val MAE: 0.0352459, Test MAE: 0.0350134
Epoch: 502, Train MAE: 0.0045549, Val MAE: 0.0352449, Test MAE: 0.0350134
Epoch: 503, Train MAE: 0.0045501, Val MAE: 0.0351989, Test MAE: 0.0350134
Epoch: 504, Train MAE: 0.0045525, Val MAE: 0.0352168, Test MAE: 0.0350134
Epoch: 505, Train MAE: 0.0045432, Val MAE: 0.0352603, Test MAE: 0.0350134
Epoch: 506, Train MAE: 0.0045003, Val MAE: 0.0352198, Test MAE: 0.0350134
Epoch: 507, Train MAE: 0.0045119, Val MAE: 0.0352167, Test MAE: 0.0350134
Epoch: 508, Train MAE: 0.0044718, Val MAE: 0.0352460, Test MAE: 0.0350134
Epoch: 509, Train MAE: 0.0043909, Val MAE: 0.0352354, Test MAE: 0.0350134
Epoch: 510, Train MAE: 0.0044267, Val MAE: 0.0352751, Test MAE: 0.0350134
Epoch: 511, Train MAE: 0.0043644, Val MAE: 0.0352727, Test MAE: 0.0350134
Epoch: 512, Train MAE: 0.0043710, Val MAE: 0.0352261, Test MAE: 0.0350134
Epoch: 513, Train MAE: 0.0043604, Val MAE: 0.0352423, Test MAE: 0.0350134
Epoch: 514, Train MAE: 0.0043847, Val MAE: 0.0352179, Test MAE: 0.0350134
Epoch: 515, Train MAE: 0.0043211, Val MAE: 0.0352452, Test MAE: 0.0350134
Epoch: 516, Train MAE: 0.0043063, Val MAE: 0.0352301, Test MAE: 0.0350134
Epoch: 517, Train MAE: 0.0042792, Val MAE: 0.0352101, Test MAE: 0.0350134
Epoch: 518, Train MAE: 0.0043171, Val MAE: 0.0352196, Test MAE: 0.0350134
Epoch: 519, Train MAE: 0.0042484, Val MAE: 0.0352201, Test MAE: 0.0350134
Epoch: 520, Train MAE: 0.0042437, Val MAE: 0.0352182, Test MAE: 0.0350134
Epoch: 521, Train MAE: 0.0042790, Val MAE: 0.0352508, Test MAE: 0.0350134
Epoch: 522, Train MAE: 0.0042187, Val MAE: 0.0352420, Test MAE: 0.0350134
Epoch: 523, Train MAE: 0.0041966, Val MAE: 0.0352264, Test MAE: 0.0350134
Epoch: 524, Train MAE: 0.0041928, Val MAE: 0.0352210, Test MAE: 0.0350134
Epoch: 525, Train MAE: 0.0041901, Val MAE: 0.0352574, Test MAE: 0.0350134
Epoch: 526, Train MAE: 0.0041268, Val MAE: 0.0352424, Test MAE: 0.0350134
Epoch: 527, Train MAE: 0.0041060, Val MAE: 0.0352283, Test MAE: 0.0350134
Epoch: 528, Train MAE: 0.0041429, Val MAE: 0.0352291, Test MAE: 0.0350134
Epoch: 529, Train MAE: 0.0040864, Val MAE: 0.0352182, Test MAE: 0.0350134
Epoch: 530, Train MAE: 0.0040835, Val MAE: 0.0352494, Test MAE: 0.0350134
Epoch: 531, Train MAE: 0.0040307, Val MAE: 0.0352522, Test MAE: 0.0350134
Epoch: 532, Train MAE: 0.0040427, Val MAE: 0.0352510, Test MAE: 0.0350134
Epoch: 533, Train MAE: 0.0040255, Val MAE: 0.0352201, Test MAE: 0.0350134
Epoch: 534, Train MAE: 0.0040586, Val MAE: 0.0352833, Test MAE: 0.0350134
Epoch: 535, Train MAE: 0.0040606, Val MAE: 0.0352446, Test MAE: 0.0350134
Epoch: 536, Train MAE: 0.0040054, Val MAE: 0.0352315, Test MAE: 0.0350134
Epoch: 537, Train MAE: 0.0039655, Val MAE: 0.0352294, Test MAE: 0.0350134
Epoch: 538, Train MAE: 0.0039450, Val MAE: 0.0351933, Test MAE: 0.0350134
Epoch: 539, Train MAE: 0.0039210, Val MAE: 0.0352031, Test MAE: 0.0350134
Epoch: 540, Train MAE: 0.0039474, Val MAE: 0.0351757, Test MAE: 0.0350883
Epoch: 541, Train MAE: 0.0038982, Val MAE: 0.0351577, Test MAE: 0.0350755
Epoch: 542, Train MAE: 0.0038964, Val MAE: 0.0351863, Test MAE: 0.0350755
Epoch: 543, Train MAE: 0.0038854, Val MAE: 0.0351821, Test MAE: 0.0350755
Epoch: 544, Train MAE: 0.0038523, Val MAE: 0.0351712, Test MAE: 0.0350755
Epoch: 545, Train MAE: 0.0038778, Val MAE: 0.0352086, Test MAE: 0.0350755
Epoch: 546, Train MAE: 0.0038430, Val MAE: 0.0351835, Test MAE: 0.0350755
Epoch: 547, Train MAE: 0.0038067, Val MAE: 0.0352554, Test MAE: 0.0350755
Epoch: 548, Train MAE: 0.0038316, Val MAE: 0.0352409, Test MAE: 0.0350755
Epoch: 549, Train MAE: 0.0037555, Val MAE: 0.0352248, Test MAE: 0.0350755
Epoch: 550, Train MAE: 0.0037753, Val MAE: 0.0352260, Test MAE: 0.0350755
Epoch: 551, Train MAE: 0.0037448, Val MAE: 0.0352245, Test MAE: 0.0350755
Epoch: 552, Train MAE: 0.0037239, Val MAE: 0.0352209, Test MAE: 0.0350755
Epoch: 553, Train MAE: 0.0037011, Val MAE: 0.0352305, Test MAE: 0.0350755
Epoch: 554, Train MAE: 0.0037330, Val MAE: 0.0351676, Test MAE: 0.0350755
Epoch: 555, Train MAE: 0.0036394, Val MAE: 0.0351786, Test MAE: 0.0350755
Epoch: 556, Train MAE: 0.0036800, Val MAE: 0.0352071, Test MAE: 0.0350755
Epoch: 557, Train MAE: 0.0036922, Val MAE: 0.0351907, Test MAE: 0.0350755
Epoch: 558, Train MAE: 0.0036634, Val MAE: 0.0351898, Test MAE: 0.0350755
Epoch: 559, Train MAE: 0.0036962, Val MAE: 0.0352196, Test MAE: 0.0350755
Epoch: 560, Train MAE: 0.0036326, Val MAE: 0.0352183, Test MAE: 0.0350755
Epoch: 561, Train MAE: 0.0036395, Val MAE: 0.0352666, Test MAE: 0.0350755
Epoch: 562, Train MAE: 0.0036359, Val MAE: 0.0352120, Test MAE: 0.0350755
Epoch: 563, Train MAE: 0.0036014, Val MAE: 0.0352260, Test MAE: 0.0350755
Epoch: 564, Train MAE: 0.0036371, Val MAE: 0.0352415, Test MAE: 0.0350755
Epoch: 565, Train MAE: 0.0035563, Val MAE: 0.0352005, Test MAE: 0.0350755
Epoch: 566, Train MAE: 0.0035543, Val MAE: 0.0352188, Test MAE: 0.0350755
Epoch: 567, Train MAE: 0.0035619, Val MAE: 0.0351859, Test MAE: 0.0350755
Epoch: 568, Train MAE: 0.0035203, Val MAE: 0.0351712, Test MAE: 0.0350755
Epoch: 569, Train MAE: 0.0035191, Val MAE: 0.0352059, Test MAE: 0.0350755
Epoch: 570, Train MAE: 0.0035015, Val MAE: 0.0352111, Test MAE: 0.0350755
Epoch: 571, Train MAE: 0.0034849, Val MAE: 0.0352156, Test MAE: 0.0350755
Epoch: 572, Train MAE: 0.0034599, Val MAE: 0.0352072, Test MAE: 0.0350755
Epoch: 573, Train MAE: 0.0034812, Val MAE: 0.0352608, Test MAE: 0.0350755
Epoch: 574, Train MAE: 0.0034532, Val MAE: 0.0352149, Test MAE: 0.0350755
Epoch: 575, Train MAE: 0.0033936, Val MAE: 0.0352276, Test MAE: 0.0350755
Epoch: 576, Train MAE: 0.0034531, Val MAE: 0.0352224, Test MAE: 0.0350755
Epoch: 577, Train MAE: 0.0033921, Val MAE: 0.0351910, Test MAE: 0.0350755
Epoch: 578, Train MAE: 0.0034004, Val MAE: 0.0351987, Test MAE: 0.0350755
Epoch: 579, Train MAE: 0.0033736, Val MAE: 0.0351729, Test MAE: 0.0350755
Epoch: 580, Train MAE: 0.0034185, Val MAE: 0.0351987, Test MAE: 0.0350755
Epoch: 581, Train MAE: 0.0033594, Val MAE: 0.0352073, Test MAE: 0.0350755
Epoch: 582, Train MAE: 0.0033398, Val MAE: 0.0351629, Test MAE: 0.0350755
Epoch: 583, Train MAE: 0.0033573, Val MAE: 0.0351931, Test MAE: 0.0350755
Epoch: 584, Train MAE: 0.0032896, Val MAE: 0.0351485, Test MAE: 0.0350357
Epoch: 585, Train MAE: 0.0032748, Val MAE: 0.0352122, Test MAE: 0.0350357
Epoch: 586, Train MAE: 0.0033074, Val MAE: 0.0351873, Test MAE: 0.0350357
Epoch: 587, Train MAE: 0.0032294, Val MAE: 0.0352154, Test MAE: 0.0350357
Epoch: 588, Train MAE: 0.0032914, Val MAE: 0.0351797, Test MAE: 0.0350357
Epoch: 589, Train MAE: 0.0032412, Val MAE: 0.0351824, Test MAE: 0.0350357
Epoch: 590, Train MAE: 0.0032302, Val MAE: 0.0351927, Test MAE: 0.0350357
Epoch: 591, Train MAE: 0.0032433, Val MAE: 0.0351495, Test MAE: 0.0350357
Epoch: 592, Train MAE: 0.0032357, Val MAE: 0.0351702, Test MAE: 0.0350357
Epoch: 593, Train MAE: 0.0032294, Val MAE: 0.0351919, Test MAE: 0.0350357
Epoch: 594, Train MAE: 0.0031887, Val MAE: 0.0351522, Test MAE: 0.0350357
Epoch: 595, Train MAE: 0.0032307, Val MAE: 0.0351730, Test MAE: 0.0350357
Epoch: 596, Train MAE: 0.0031470, Val MAE: 0.0352193, Test MAE: 0.0350357
Epoch: 597, Train MAE: 0.0031189, Val MAE: 0.0352055, Test MAE: 0.0350357
Epoch: 598, Train MAE: 0.0031565, Val MAE: 0.0351661, Test MAE: 0.0350357
Epoch: 599, Train MAE: 0.0031140, Val MAE: 0.0351684, Test MAE: 0.0350357
Epoch: 600, Train MAE: 0.0030901, Val MAE: 0.0351767, Test MAE: 0.0350357
Epoch: 601, Train MAE: 0.0031027, Val MAE: 0.0352033, Test MAE: 0.0350357
Epoch: 602, Train MAE: 0.0030817, Val MAE: 0.0351973, Test MAE: 0.0350357
Epoch: 603, Train MAE: 0.0030981, Val MAE: 0.0351865, Test MAE: 0.0350357
Epoch: 604, Train MAE: 0.0030584, Val MAE: 0.0351646, Test MAE: 0.0350357
Epoch: 605, Train MAE: 0.0030981, Val MAE: 0.0351823, Test MAE: 0.0350357
Epoch: 606, Train MAE: 0.0030430, Val MAE: 0.0351650, Test MAE: 0.0350357
Epoch: 607, Train MAE: 0.0030163, Val MAE: 0.0351734, Test MAE: 0.0350357
Epoch: 608, Train MAE: 0.0029984, Val MAE: 0.0351752, Test MAE: 0.0350357
Epoch: 609, Train MAE: 0.0030361, Val MAE: 0.0352049, Test MAE: 0.0350357
Epoch: 610, Train MAE: 0.0029841, Val MAE: 0.0351704, Test MAE: 0.0350357
Epoch: 611, Train MAE: 0.0029522, Val MAE: 0.0351856, Test MAE: 0.0350357
Epoch: 612, Train MAE: 0.0029904, Val MAE: 0.0351766, Test MAE: 0.0350357
Epoch: 613, Train MAE: 0.0029778, Val MAE: 0.0351876, Test MAE: 0.0350357
Epoch: 614, Train MAE: 0.0029382, Val MAE: 0.0351730, Test MAE: 0.0350357
Epoch: 615, Train MAE: 0.0029221, Val MAE: 0.0351948, Test MAE: 0.0350357
Epoch: 616, Train MAE: 0.0029323, Val MAE: 0.0351827, Test MAE: 0.0350357
Epoch: 617, Train MAE: 0.0029476, Val MAE: 0.0351815, Test MAE: 0.0350357
Epoch: 618, Train MAE: 0.0028581, Val MAE: 0.0351782, Test MAE: 0.0350357
Epoch: 619, Train MAE: 0.0029006, Val MAE: 0.0351805, Test MAE: 0.0350357
Epoch: 620, Train MAE: 0.0028922, Val MAE: 0.0351918, Test MAE: 0.0350357
Epoch: 621, Train MAE: 0.0028833, Val MAE: 0.0351808, Test MAE: 0.0350357
Epoch: 622, Train MAE: 0.0028653, Val MAE: 0.0351954, Test MAE: 0.0350357
Epoch: 623, Train MAE: 0.0028256, Val MAE: 0.0351560, Test MAE: 0.0350357
Epoch: 624, Train MAE: 0.0028149, Val MAE: 0.0351635, Test MAE: 0.0350357
Epoch: 625, Train MAE: 0.0028686, Val MAE: 0.0351736, Test MAE: 0.0350357
Epoch: 626, Train MAE: 0.0028020, Val MAE: 0.0351848, Test MAE: 0.0350357
Epoch: 627, Train MAE: 0.0028174, Val MAE: 0.0351871, Test MAE: 0.0350357
Epoch: 628, Train MAE: 0.0028070, Val MAE: 0.0351852, Test MAE: 0.0350357
Epoch: 629, Train MAE: 0.0027897, Val MAE: 0.0351741, Test MAE: 0.0350357
Epoch: 630, Train MAE: 0.0027759, Val MAE: 0.0351874, Test MAE: 0.0350357
Epoch: 631, Train MAE: 0.0027592, Val MAE: 0.0351531, Test MAE: 0.0350357
Epoch: 632, Train MAE: 0.0027694, Val MAE: 0.0351578, Test MAE: 0.0350357
Epoch: 633, Train MAE: 0.0027200, Val MAE: 0.0351430, Test MAE: 0.0350133
Epoch: 634, Train MAE: 0.0027244, Val MAE: 0.0351670, Test MAE: 0.0350133
Epoch: 635, Train MAE: 0.0027047, Val MAE: 0.0351918, Test MAE: 0.0350133
Epoch: 636, Train MAE: 0.0027103, Val MAE: 0.0351915, Test MAE: 0.0350133
Epoch: 637, Train MAE: 0.0026978, Val MAE: 0.0351835, Test MAE: 0.0350133
Epoch: 638, Train MAE: 0.0026507, Val MAE: 0.0351681, Test MAE: 0.0350133
Epoch: 639, Train MAE: 0.0026708, Val MAE: 0.0351856, Test MAE: 0.0350133
Epoch: 640, Train MAE: 0.0026740, Val MAE: 0.0351535, Test MAE: 0.0350133
Epoch: 641, Train MAE: 0.0027031, Val MAE: 0.0351835, Test MAE: 0.0350133
Epoch: 642, Train MAE: 0.0026759, Val MAE: 0.0351475, Test MAE: 0.0350133
Epoch: 643, Train MAE: 0.0026283, Val MAE: 0.0351618, Test MAE: 0.0350133
Epoch: 644, Train MAE: 0.0026119, Val MAE: 0.0351347, Test MAE: 0.0350199
Epoch: 645, Train MAE: 0.0026230, Val MAE: 0.0351651, Test MAE: 0.0350199
Epoch: 646, Train MAE: 0.0026359, Val MAE: 0.0351621, Test MAE: 0.0350199
Epoch: 647, Train MAE: 0.0025853, Val MAE: 0.0351682, Test MAE: 0.0350199
Epoch: 648, Train MAE: 0.0026016, Val MAE: 0.0351867, Test MAE: 0.0350199
Epoch: 649, Train MAE: 0.0025897, Val MAE: 0.0351952, Test MAE: 0.0350199
Epoch: 650, Train MAE: 0.0025513, Val MAE: 0.0351650, Test MAE: 0.0350199
Epoch: 651, Train MAE: 0.0025574, Val MAE: 0.0351500, Test MAE: 0.0350199
Epoch: 652, Train MAE: 0.0025144, Val MAE: 0.0351692, Test MAE: 0.0350199
Epoch: 653, Train MAE: 0.0025627, Val MAE: 0.0351711, Test MAE: 0.0350199
Epoch: 654, Train MAE: 0.0025337, Val MAE: 0.0351582, Test MAE: 0.0350199
Epoch: 655, Train MAE: 0.0025157, Val MAE: 0.0351870, Test MAE: 0.0350199
Epoch: 656, Train MAE: 0.0025147, Val MAE: 0.0351570, Test MAE: 0.0350199
Epoch: 657, Train MAE: 0.0025166, Val MAE: 0.0351560, Test MAE: 0.0350199
Epoch: 658, Train MAE: 0.0024862, Val MAE: 0.0351484, Test MAE: 0.0350199
Epoch: 659, Train MAE: 0.0025046, Val MAE: 0.0351837, Test MAE: 0.0350199
Epoch: 660, Train MAE: 0.0024648, Val MAE: 0.0351908, Test MAE: 0.0350199
Epoch: 661, Train MAE: 0.0024660, Val MAE: 0.0351596, Test MAE: 0.0350199
Epoch: 662, Train MAE: 0.0024363, Val MAE: 0.0351602, Test MAE: 0.0350199
Epoch: 663, Train MAE: 0.0024519, Val MAE: 0.0351708, Test MAE: 0.0350199
Epoch: 664, Train MAE: 0.0024431, Val MAE: 0.0351635, Test MAE: 0.0350199
Epoch: 665, Train MAE: 0.0024324, Val MAE: 0.0351576, Test MAE: 0.0350199
Epoch: 666, Train MAE: 0.0024300, Val MAE: 0.0351565, Test MAE: 0.0350199
Epoch: 667, Train MAE: 0.0024125, Val MAE: 0.0351891, Test MAE: 0.0350199
Epoch: 668, Train MAE: 0.0023946, Val MAE: 0.0351775, Test MAE: 0.0350199
Epoch: 669, Train MAE: 0.0024064, Val MAE: 0.0351797, Test MAE: 0.0350199
Epoch: 670, Train MAE: 0.0023685, Val MAE: 0.0351644, Test MAE: 0.0350199
Epoch: 671, Train MAE: 0.0023978, Val MAE: 0.0351619, Test MAE: 0.0350199
Epoch: 672, Train MAE: 0.0023588, Val MAE: 0.0351590, Test MAE: 0.0350199
Epoch: 673, Train MAE: 0.0023471, Val MAE: 0.0351586, Test MAE: 0.0350199
Epoch: 674, Train MAE: 0.0023320, Val MAE: 0.0351779, Test MAE: 0.0350199
Epoch: 675, Train MAE: 0.0023303, Val MAE: 0.0351914, Test MAE: 0.0350199
Epoch: 676, Train MAE: 0.0023295, Val MAE: 0.0351772, Test MAE: 0.0350199
Epoch: 677, Train MAE: 0.0023160, Val MAE: 0.0351732, Test MAE: 0.0350199
Epoch: 678, Train MAE: 0.0023172, Val MAE: 0.0351480, Test MAE: 0.0350199
Epoch: 679, Train MAE: 0.0022822, Val MAE: 0.0351371, Test MAE: 0.0350199
Epoch: 680, Train MAE: 0.0023130, Val MAE: 0.0351501, Test MAE: 0.0350199
Epoch: 681, Train MAE: 0.0022601, Val MAE: 0.0351610, Test MAE: 0.0350199
Epoch: 682, Train MAE: 0.0022470, Val MAE: 0.0351708, Test MAE: 0.0350199
Epoch: 683, Train MAE: 0.0022679, Val MAE: 0.0351768, Test MAE: 0.0350199
Epoch: 684, Train MAE: 0.0022371, Val MAE: 0.0351638, Test MAE: 0.0350199
Epoch: 685, Train MAE: 0.0022426, Val MAE: 0.0351785, Test MAE: 0.0350199
Epoch: 686, Train MAE: 0.0022358, Val MAE: 0.0352097, Test MAE: 0.0350199
Epoch: 687, Train MAE: 0.0022568, Val MAE: 0.0351777, Test MAE: 0.0350199
Epoch: 688, Train MAE: 0.0022129, Val MAE: 0.0351745, Test MAE: 0.0350199
Epoch: 689, Train MAE: 0.0022197, Val MAE: 0.0351871, Test MAE: 0.0350199
Epoch: 690, Train MAE: 0.0022179, Val MAE: 0.0351352, Test MAE: 0.0350199
Epoch: 691, Train MAE: 0.0022136, Val MAE: 0.0351496, Test MAE: 0.0350199
Epoch: 692, Train MAE: 0.0021778, Val MAE: 0.0351674, Test MAE: 0.0350199
Epoch: 693, Train MAE: 0.0022078, Val MAE: 0.0351746, Test MAE: 0.0350199
Epoch: 694, Train MAE: 0.0021701, Val MAE: 0.0351742, Test MAE: 0.0350199
Epoch: 695, Train MAE: 0.0021593, Val MAE: 0.0351589, Test MAE: 0.0350199
Epoch: 696, Train MAE: 0.0021294, Val MAE: 0.0351734, Test MAE: 0.0350199
Epoch: 697, Train MAE: 0.0021426, Val MAE: 0.0351755, Test MAE: 0.0350199
Epoch: 698, Train MAE: 0.0021270, Val MAE: 0.0351640, Test MAE: 0.0350199
Epoch: 699, Train MAE: 0.0021533, Val MAE: 0.0351565, Test MAE: 0.0350199
Epoch: 700, Train MAE: 0.0021018, Val MAE: 0.0351367, Test MAE: 0.0350199
Epoch: 701, Train MAE: 0.0021228, Val MAE: 0.0351649, Test MAE: 0.0350199
Epoch: 702, Train MAE: 0.0021138, Val MAE: 0.0351416, Test MAE: 0.0350199
Epoch: 703, Train MAE: 0.0020854, Val MAE: 0.0351418, Test MAE: 0.0350199
Epoch: 704, Train MAE: 0.0020899, Val MAE: 0.0351546, Test MAE: 0.0350199
Epoch: 705, Train MAE: 0.0021010, Val MAE: 0.0351797, Test MAE: 0.0350199
Epoch: 706, Train MAE: 0.0021035, Val MAE: 0.0351477, Test MAE: 0.0350199
Epoch: 707, Train MAE: 0.0020696, Val MAE: 0.0351583, Test MAE: 0.0350199
Epoch: 708, Train MAE: 0.0020532, Val MAE: 0.0351503, Test MAE: 0.0350199
Epoch: 709, Train MAE: 0.0020512, Val MAE: 0.0351428, Test MAE: 0.0350199
Epoch: 710, Train MAE: 0.0020200, Val MAE: 0.0351564, Test MAE: 0.0350199
Epoch: 711, Train MAE: 0.0020437, Val MAE: 0.0351617, Test MAE: 0.0350199
Epoch: 712, Train MAE: 0.0020168, Val MAE: 0.0351595, Test MAE: 0.0350199
Epoch: 713, Train MAE: 0.0020053, Val MAE: 0.0351488, Test MAE: 0.0350199
Epoch: 714, Train MAE: 0.0019976, Val MAE: 0.0351550, Test MAE: 0.0350199
Epoch: 715, Train MAE: 0.0019950, Val MAE: 0.0351662, Test MAE: 0.0350199
Epoch: 716, Train MAE: 0.0019947, Val MAE: 0.0351811, Test MAE: 0.0350199
Epoch: 717, Train MAE: 0.0019721, Val MAE: 0.0351722, Test MAE: 0.0350199
Epoch: 718, Train MAE: 0.0019819, Val MAE: 0.0351550, Test MAE: 0.0350199
Epoch: 719, Train MAE: 0.0019642, Val MAE: 0.0351658, Test MAE: 0.0350199
Epoch: 720, Train MAE: 0.0019573, Val MAE: 0.0351576, Test MAE: 0.0350199
Epoch: 721, Train MAE: 0.0019721, Val MAE: 0.0351584, Test MAE: 0.0350199
Epoch: 722, Train MAE: 0.0019513, Val MAE: 0.0351665, Test MAE: 0.0350199
Epoch: 723, Train MAE: 0.0019573, Val MAE: 0.0351785, Test MAE: 0.0350199
Epoch: 724, Train MAE: 0.0019355, Val MAE: 0.0351904, Test MAE: 0.0350199
Epoch: 725, Train MAE: 0.0019379, Val MAE: 0.0351962, Test MAE: 0.0350199
Epoch: 726, Train MAE: 0.0019005, Val MAE: 0.0351791, Test MAE: 0.0350199
Epoch: 727, Train MAE: 0.0019444, Val MAE: 0.0351647, Test MAE: 0.0350199
Epoch: 728, Train MAE: 0.0019024, Val MAE: 0.0351656, Test MAE: 0.0350199
Epoch: 729, Train MAE: 0.0018996, Val MAE: 0.0351641, Test MAE: 0.0350199
Epoch: 730, Train MAE: 0.0018800, Val MAE: 0.0351698, Test MAE: 0.0350199
Epoch: 731, Train MAE: 0.0018923, Val MAE: 0.0351531, Test MAE: 0.0350199
Epoch: 732, Train MAE: 0.0018853, Val MAE: 0.0351643, Test MAE: 0.0350199
Epoch: 733, Train MAE: 0.0018568, Val MAE: 0.0351552, Test MAE: 0.0350199
Epoch: 734, Train MAE: 0.0018720, Val MAE: 0.0351638, Test MAE: 0.0350199
Epoch: 735, Train MAE: 0.0018487, Val MAE: 0.0351559, Test MAE: 0.0350199
Epoch: 736, Train MAE: 0.0018494, Val MAE: 0.0351641, Test MAE: 0.0350199
Epoch: 737, Train MAE: 0.0018428, Val MAE: 0.0351725, Test MAE: 0.0350199
Epoch: 738, Train MAE: 0.0018471, Val MAE: 0.0351727, Test MAE: 0.0350199
Epoch: 739, Train MAE: 0.0018508, Val MAE: 0.0351759, Test MAE: 0.0350199
Epoch: 740, Train MAE: 0.0018127, Val MAE: 0.0351592, Test MAE: 0.0350199
Epoch: 741, Train MAE: 0.0018176, Val MAE: 0.0351585, Test MAE: 0.0350199
Epoch: 742, Train MAE: 0.0018154, Val MAE: 0.0351596, Test MAE: 0.0350199
Epoch: 743, Train MAE: 0.0017959, Val MAE: 0.0351603, Test MAE: 0.0350199
Epoch: 744, Train MAE: 0.0017992, Val MAE: 0.0351722, Test MAE: 0.0350199
Epoch: 745, Train MAE: 0.0017879, Val MAE: 0.0351807, Test MAE: 0.0350199
Epoch: 746, Train MAE: 0.0017867, Val MAE: 0.0351585, Test MAE: 0.0350199
Epoch: 747, Train MAE: 0.0017851, Val MAE: 0.0351674, Test MAE: 0.0350199
Epoch: 748, Train MAE: 0.0017659, Val MAE: 0.0351672, Test MAE: 0.0350199
Epoch: 749, Train MAE: 0.0017505, Val MAE: 0.0351673, Test MAE: 0.0350199
Epoch: 750, Train MAE: 0.0017582, Val MAE: 0.0351639, Test MAE: 0.0350199
Epoch: 751, Train MAE: 0.0017609, Val MAE: 0.0351612, Test MAE: 0.0350199
Epoch: 752, Train MAE: 0.0017410, Val MAE: 0.0351605, Test MAE: 0.0350199
Epoch: 753, Train MAE: 0.0017263, Val MAE: 0.0351589, Test MAE: 0.0350199
Epoch: 754, Train MAE: 0.0017136, Val MAE: 0.0351573, Test MAE: 0.0350199
Epoch: 755, Train MAE: 0.0017204, Val MAE: 0.0351740, Test MAE: 0.0350199
Epoch: 756, Train MAE: 0.0017001, Val MAE: 0.0351587, Test MAE: 0.0350199
Epoch: 757, Train MAE: 0.0017267, Val MAE: 0.0351799, Test MAE: 0.0350199
Epoch: 758, Train MAE: 0.0016908, Val MAE: 0.0351564, Test MAE: 0.0350199
Epoch: 759, Train MAE: 0.0016914, Val MAE: 0.0351636, Test MAE: 0.0350199
Epoch: 760, Train MAE: 0.0016728, Val MAE: 0.0351803, Test MAE: 0.0350199
Epoch: 761, Train MAE: 0.0016833, Val MAE: 0.0351740, Test MAE: 0.0350199
Epoch: 762, Train MAE: 0.0016739, Val MAE: 0.0351698, Test MAE: 0.0350199
Epoch: 763, Train MAE: 0.0016691, Val MAE: 0.0351673, Test MAE: 0.0350199
Epoch: 764, Train MAE: 0.0016479, Val MAE: 0.0351790, Test MAE: 0.0350199
Epoch: 765, Train MAE: 0.0016485, Val MAE: 0.0351637, Test MAE: 0.0350199
Epoch: 766, Train MAE: 0.0016385, Val MAE: 0.0351764, Test MAE: 0.0350199
Epoch: 767, Train MAE: 0.0016537, Val MAE: 0.0351756, Test MAE: 0.0350199
Epoch: 768, Train MAE: 0.0016514, Val MAE: 0.0351519, Test MAE: 0.0350199
Epoch: 769, Train MAE: 0.0016216, Val MAE: 0.0351503, Test MAE: 0.0350199
Epoch: 770, Train MAE: 0.0016266, Val MAE: 0.0351349, Test MAE: 0.0350199
Epoch: 771, Train MAE: 0.0016177, Val MAE: 0.0351424, Test MAE: 0.0350199
Epoch: 772, Train MAE: 0.0016240, Val MAE: 0.0351732, Test MAE: 0.0350199
Epoch: 773, Train MAE: 0.0016155, Val MAE: 0.0351610, Test MAE: 0.0350199
Epoch: 774, Train MAE: 0.0016129, Val MAE: 0.0351622, Test MAE: 0.0350199
Epoch: 775, Train MAE: 0.0015773, Val MAE: 0.0351748, Test MAE: 0.0350199
Epoch: 776, Train MAE: 0.0015913, Val MAE: 0.0351684, Test MAE: 0.0350199
Epoch: 777, Train MAE: 0.0015752, Val MAE: 0.0351588, Test MAE: 0.0350199
Epoch: 778, Train MAE: 0.0015681, Val MAE: 0.0351656, Test MAE: 0.0350199
Epoch: 779, Train MAE: 0.0015736, Val MAE: 0.0351694, Test MAE: 0.0350199
Epoch: 780, Train MAE: 0.0015700, Val MAE: 0.0351606, Test MAE: 0.0350199
Epoch: 781, Train MAE: 0.0015530, Val MAE: 0.0351466, Test MAE: 0.0350199
Epoch: 782, Train MAE: 0.0015494, Val MAE: 0.0351625, Test MAE: 0.0350199
Epoch: 783, Train MAE: 0.0015607, Val MAE: 0.0351410, Test MAE: 0.0350199
Epoch: 784, Train MAE: 0.0015657, Val MAE: 0.0351651, Test MAE: 0.0350199
Epoch: 785, Train MAE: 0.0015465, Val MAE: 0.0351629, Test MAE: 0.0350199
Epoch: 786, Train MAE: 0.0015204, Val MAE: 0.0351465, Test MAE: 0.0350199
Epoch: 787, Train MAE: 0.0015363, Val MAE: 0.0351500, Test MAE: 0.0350199
Epoch: 788, Train MAE: 0.0015083, Val MAE: 0.0351642, Test MAE: 0.0350199
Epoch: 789, Train MAE: 0.0015130, Val MAE: 0.0351447, Test MAE: 0.0350199
Epoch: 790, Train MAE: 0.0015109, Val MAE: 0.0351553, Test MAE: 0.0350199
Epoch: 791, Train MAE: 0.0015150, Val MAE: 0.0351688, Test MAE: 0.0350199
Epoch: 792, Train MAE: 0.0014933, Val MAE: 0.0351448, Test MAE: 0.0350199
Epoch: 793, Train MAE: 0.0014895, Val MAE: 0.0351462, Test MAE: 0.0350199
Epoch: 794, Train MAE: 0.0014871, Val MAE: 0.0351647, Test MAE: 0.0350199
Epoch: 795, Train MAE: 0.0014716, Val MAE: 0.0351426, Test MAE: 0.0350199
Epoch: 796, Train MAE: 0.0014648, Val MAE: 0.0351424, Test MAE: 0.0350199
Epoch: 797, Train MAE: 0.0014476, Val MAE: 0.0351548, Test MAE: 0.0350199
Epoch: 798, Train MAE: 0.0014448, Val MAE: 0.0351610, Test MAE: 0.0350199
Epoch: 799, Train MAE: 0.0014596, Val MAE: 0.0351676, Test MAE: 0.0350199
Epoch: 800, Train MAE: 0.0014474, Val MAE: 0.0351589, Test MAE: 0.0350199
Epoch: 801, Train MAE: 0.0014381, Val MAE: 0.0351631, Test MAE: 0.0350199
Epoch: 802, Train MAE: 0.0014446, Val MAE: 0.0351543, Test MAE: 0.0350199
Epoch: 803, Train MAE: 0.0014345, Val MAE: 0.0351585, Test MAE: 0.0350199
Epoch: 804, Train MAE: 0.0014335, Val MAE: 0.0351491, Test MAE: 0.0350199
Epoch: 805, Train MAE: 0.0014071, Val MAE: 0.0351496, Test MAE: 0.0350199
Epoch: 806, Train MAE: 0.0014133, Val MAE: 0.0351507, Test MAE: 0.0350199
Epoch: 807, Train MAE: 0.0014021, Val MAE: 0.0351604, Test MAE: 0.0350199
Epoch: 808, Train MAE: 0.0014001, Val MAE: 0.0351499, Test MAE: 0.0350199
Epoch: 809, Train MAE: 0.0013891, Val MAE: 0.0351534, Test MAE: 0.0350199
Epoch: 810, Train MAE: 0.0014038, Val MAE: 0.0351368, Test MAE: 0.0350199
Epoch: 811, Train MAE: 0.0013882, Val MAE: 0.0351609, Test MAE: 0.0350199
Epoch: 812, Train MAE: 0.0013958, Val MAE: 0.0351542, Test MAE: 0.0350199
Epoch: 813, Train MAE: 0.0013748, Val MAE: 0.0351673, Test MAE: 0.0350199
Epoch: 814, Train MAE: 0.0013698, Val MAE: 0.0351540, Test MAE: 0.0350199
Epoch: 815, Train MAE: 0.0013576, Val MAE: 0.0351380, Test MAE: 0.0350199
Epoch: 816, Train MAE: 0.0013628, Val MAE: 0.0351442, Test MAE: 0.0350199
Epoch: 817, Train MAE: 0.0013395, Val MAE: 0.0351444, Test MAE: 0.0350199
Epoch: 818, Train MAE: 0.0013418, Val MAE: 0.0351395, Test MAE: 0.0350199
Epoch: 819, Train MAE: 0.0013457, Val MAE: 0.0351461, Test MAE: 0.0350199
Epoch: 820, Train MAE: 0.0013368, Val MAE: 0.0351469, Test MAE: 0.0350199
Epoch: 821, Train MAE: 0.0013466, Val MAE: 0.0351433, Test MAE: 0.0350199
Epoch: 822, Train MAE: 0.0013473, Val MAE: 0.0351371, Test MAE: 0.0350199
Epoch: 823, Train MAE: 0.0013369, Val MAE: 0.0351473, Test MAE: 0.0350199
Epoch: 824, Train MAE: 0.0013262, Val MAE: 0.0351434, Test MAE: 0.0350199
Epoch: 825, Train MAE: 0.0013221, Val MAE: 0.0351350, Test MAE: 0.0350199
Epoch: 826, Train MAE: 0.0013100, Val MAE: 0.0351420, Test MAE: 0.0350199
Epoch: 827, Train MAE: 0.0013116, Val MAE: 0.0351422, Test MAE: 0.0350199
Epoch: 828, Train MAE: 0.0012987, Val MAE: 0.0351366, Test MAE: 0.0350199
Epoch: 829, Train MAE: 0.0013099, Val MAE: 0.0351471, Test MAE: 0.0350199
Epoch: 830, Train MAE: 0.0012866, Val MAE: 0.0351398, Test MAE: 0.0350199
Epoch: 831, Train MAE: 0.0012850, Val MAE: 0.0351350, Test MAE: 0.0350199
Epoch: 832, Train MAE: 0.0012863, Val MAE: 0.0351579, Test MAE: 0.0350199
Epoch: 833, Train MAE: 0.0012631, Val MAE: 0.0351553, Test MAE: 0.0350199
Epoch: 834, Train MAE: 0.0012717, Val MAE: 0.0351546, Test MAE: 0.0350199
Epoch: 835, Train MAE: 0.0012571, Val MAE: 0.0351520, Test MAE: 0.0350199
Epoch: 836, Train MAE: 0.0012664, Val MAE: 0.0351433, Test MAE: 0.0350199
Epoch: 837, Train MAE: 0.0012463, Val MAE: 0.0351530, Test MAE: 0.0350199
Epoch: 838, Train MAE: 0.0012487, Val MAE: 0.0351410, Test MAE: 0.0350199
Epoch: 839, Train MAE: 0.0012569, Val MAE: 0.0351446, Test MAE: 0.0350199
Epoch: 840, Train MAE: 0.0012527, Val MAE: 0.0351356, Test MAE: 0.0350199
Epoch: 841, Train MAE: 0.0012343, Val MAE: 0.0351481, Test MAE: 0.0350199
Epoch: 842, Train MAE: 0.0012322, Val MAE: 0.0351510, Test MAE: 0.0350199
Epoch: 843, Train MAE: 0.0012214, Val MAE: 0.0351439, Test MAE: 0.0350199
Epoch: 844, Train MAE: 0.0012322, Val MAE: 0.0351431, Test MAE: 0.0350199
Epoch: 845, Train MAE: 0.0012192, Val MAE: 0.0351453, Test MAE: 0.0350199
Epoch: 846, Train MAE: 0.0012167, Val MAE: 0.0351375, Test MAE: 0.0350199
Epoch: 847, Train MAE: 0.0012119, Val MAE: 0.0351509, Test MAE: 0.0350199
Epoch: 848, Train MAE: 0.0012114, Val MAE: 0.0351464, Test MAE: 0.0350199
Epoch: 849, Train MAE: 0.0012058, Val MAE: 0.0351328, Test MAE: 0.0349922
Epoch: 850, Train MAE: 0.0011921, Val MAE: 0.0351490, Test MAE: 0.0349922
Epoch: 851, Train MAE: 0.0012074, Val MAE: 0.0351499, Test MAE: 0.0349922
Epoch: 852, Train MAE: 0.0011949, Val MAE: 0.0351505, Test MAE: 0.0349922
Epoch: 853, Train MAE: 0.0011808, Val MAE: 0.0351524, Test MAE: 0.0349922
Epoch: 854, Train MAE: 0.0011848, Val MAE: 0.0351490, Test MAE: 0.0349922
Epoch: 855, Train MAE: 0.0011808, Val MAE: 0.0351389, Test MAE: 0.0349922
Epoch: 856, Train MAE: 0.0011854, Val MAE: 0.0351464, Test MAE: 0.0349922
Epoch: 857, Train MAE: 0.0011577, Val MAE: 0.0351436, Test MAE: 0.0349922
Epoch: 858, Train MAE: 0.0011547, Val MAE: 0.0351481, Test MAE: 0.0349922
Epoch: 859, Train MAE: 0.0011643, Val MAE: 0.0351611, Test MAE: 0.0349922
Epoch: 860, Train MAE: 0.0011411, Val MAE: 0.0351420, Test MAE: 0.0349922
Epoch: 861, Train MAE: 0.0011648, Val MAE: 0.0351539, Test MAE: 0.0349922
Epoch: 862, Train MAE: 0.0011422, Val MAE: 0.0351457, Test MAE: 0.0349922
Epoch: 863, Train MAE: 0.0011346, Val MAE: 0.0351509, Test MAE: 0.0349922
Epoch: 864, Train MAE: 0.0011457, Val MAE: 0.0351558, Test MAE: 0.0349922
Epoch: 865, Train MAE: 0.0011428, Val MAE: 0.0351467, Test MAE: 0.0349922
Epoch: 866, Train MAE: 0.0011264, Val MAE: 0.0351426, Test MAE: 0.0349922
Epoch: 867, Train MAE: 0.0011314, Val MAE: 0.0351525, Test MAE: 0.0349922
Epoch: 868, Train MAE: 0.0011121, Val MAE: 0.0351446, Test MAE: 0.0349922
Epoch: 869, Train MAE: 0.0011117, Val MAE: 0.0351473, Test MAE: 0.0349922
Epoch: 870, Train MAE: 0.0011192, Val MAE: 0.0351482, Test MAE: 0.0349922
Epoch: 871, Train MAE: 0.0011099, Val MAE: 0.0351393, Test MAE: 0.0349922
Epoch: 872, Train MAE: 0.0011094, Val MAE: 0.0351477, Test MAE: 0.0349922
Epoch: 873, Train MAE: 0.0011058, Val MAE: 0.0351284, Test MAE: 0.0349941
Epoch: 874, Train MAE: 0.0010931, Val MAE: 0.0351438, Test MAE: 0.0349941
Epoch: 875, Train MAE: 0.0010860, Val MAE: 0.0351374, Test MAE: 0.0349941
Epoch: 876, Train MAE: 0.0010881, Val MAE: 0.0351367, Test MAE: 0.0349941
Epoch: 877, Train MAE: 0.0010793, Val MAE: 0.0351440, Test MAE: 0.0349941
Epoch: 878, Train MAE: 0.0010849, Val MAE: 0.0351419, Test MAE: 0.0349941
Epoch: 879, Train MAE: 0.0010652, Val MAE: 0.0351496, Test MAE: 0.0349941
Epoch: 880, Train MAE: 0.0010641, Val MAE: 0.0351361, Test MAE: 0.0349941
Epoch: 881, Train MAE: 0.0010715, Val MAE: 0.0351391, Test MAE: 0.0349941
Epoch: 882, Train MAE: 0.0010606, Val MAE: 0.0351459, Test MAE: 0.0349941
Epoch: 883, Train MAE: 0.0010544, Val MAE: 0.0351410, Test MAE: 0.0349941
Epoch: 884, Train MAE: 0.0010392, Val MAE: 0.0351572, Test MAE: 0.0349941
Epoch: 885, Train MAE: 0.0010478, Val MAE: 0.0351421, Test MAE: 0.0349941
Epoch: 886, Train MAE: 0.0010408, Val MAE: 0.0351511, Test MAE: 0.0349941
Epoch: 887, Train MAE: 0.0010309, Val MAE: 0.0351486, Test MAE: 0.0349941
Epoch: 888, Train MAE: 0.0010311, Val MAE: 0.0351282, Test MAE: 0.0350029
Epoch: 889, Train MAE: 0.0010362, Val MAE: 0.0351428, Test MAE: 0.0350029
Epoch: 890, Train MAE: 0.0010226, Val MAE: 0.0351423, Test MAE: 0.0350029
Epoch: 891, Train MAE: 0.0010266, Val MAE: 0.0351402, Test MAE: 0.0350029
Epoch: 892, Train MAE: 0.0010198, Val MAE: 0.0351433, Test MAE: 0.0350029
Epoch: 893, Train MAE: 0.0010176, Val MAE: 0.0351419, Test MAE: 0.0350029
Epoch: 894, Train MAE: 0.0010167, Val MAE: 0.0351572, Test MAE: 0.0350029
Epoch: 895, Train MAE: 0.0010123, Val MAE: 0.0351602, Test MAE: 0.0350029
Epoch: 896, Train MAE: 0.0010095, Val MAE: 0.0351488, Test MAE: 0.0350029
Epoch: 897, Train MAE: 0.0009985, Val MAE: 0.0351515, Test MAE: 0.0350029
Epoch: 898, Train MAE: 0.0009946, Val MAE: 0.0351508, Test MAE: 0.0350029
Epoch: 899, Train MAE: 0.0009958, Val MAE: 0.0351438, Test MAE: 0.0350029
Epoch: 900, Train MAE: 0.0009831, Val MAE: 0.0351350, Test MAE: 0.0350029
Best Validation MAE: 0.035128159421682355
Testing MAE: 0.03500288111297788
